Using pre-set license
Built from '2022.3/staging' branch; Version is '2022.3.22f1 (887be4894c44) revision 8944612'; Using compiler version '192829333'; Build Type 'Release'
OS: 'Windows 10  (10.0.19045) 64bit Professional' Language: 'ru' Physical Memory: 16334 MB
BatchMode: 1, IsHumanControllingUs: 0, StartBugReporterOnCrash: 0, Is64bit: 1, IsPro: 1

COMMAND LINE ARGUMENTS:
C:\Program Files\Unity\Hub\Editor\2022.3.22f1\Editor\Unity.exe
-adb2
-batchMode
-noUpm
-name
AssetImportWorker5
-projectPath
E:/Beta/beta
-logFile
Logs/AssetImportWorker5.log
-srvPort
60339
Successfully changed project path to: E:/Beta/beta
E:/Beta/beta
[UnityMemory] Configuration Parameters - Can be set up in boot.config
    "memorysetup-bucket-allocator-granularity=16"
    "memorysetup-bucket-allocator-bucket-count=8"
    "memorysetup-bucket-allocator-block-size=33554432"
    "memorysetup-bucket-allocator-block-count=8"
    "memorysetup-main-allocator-block-size=16777216"
    "memorysetup-thread-allocator-block-size=16777216"
    "memorysetup-gfx-main-allocator-block-size=16777216"
    "memorysetup-gfx-thread-allocator-block-size=16777216"
    "memorysetup-cache-allocator-block-size=4194304"
    "memorysetup-typetree-allocator-block-size=2097152"
    "memorysetup-profiler-bucket-allocator-granularity=16"
    "memorysetup-profiler-bucket-allocator-bucket-count=8"
    "memorysetup-profiler-bucket-allocator-block-size=33554432"
    "memorysetup-profiler-bucket-allocator-block-count=8"
    "memorysetup-profiler-allocator-block-size=16777216"
    "memorysetup-profiler-editor-allocator-block-size=1048576"
    "memorysetup-temp-allocator-size-main=16777216"
    "memorysetup-job-temp-allocator-block-size=2097152"
    "memorysetup-job-temp-allocator-block-size-background=1048576"
    "memorysetup-job-temp-allocator-reduction-small-platforms=262144"
    "memorysetup-allocator-temp-initial-block-size-main=262144"
    "memorysetup-allocator-temp-initial-block-size-worker=262144"
    "memorysetup-temp-allocator-size-background-worker=32768"
    "memorysetup-temp-allocator-size-job-worker=262144"
    "memorysetup-temp-allocator-size-preload-manager=33554432"
    "memorysetup-temp-allocator-size-nav-mesh-worker=65536"
    "memorysetup-temp-allocator-size-audio-worker=65536"
    "memorysetup-temp-allocator-size-cloud-worker=32768"
    "memorysetup-temp-allocator-size-gi-baking-worker=262144"
    "memorysetup-temp-allocator-size-gfx=262144"
Player connection [20648] Host "[IP] 192.168.31.161 [Port] 0 [Flags] 2 [Guid] 3588855258 [EditorId] 3588855258 [Version] 1048832 [Id] WindowsEditor(7,DESKTOP-JMQILU2) [Debug] 1 [PackageName] WindowsEditor [ProjectName] Editor" joined multi-casting on [225.0.0.222:54997]...

Player connection [20648] Host "[IP] 192.168.31.161 [Port] 0 [Flags] 2 [Guid] 3588855258 [EditorId] 3588855258 [Version] 1048832 [Id] WindowsEditor(7,DESKTOP-JMQILU2) [Debug] 1 [PackageName] WindowsEditor [ProjectName] Editor" joined alternative multi-casting on [225.0.0.222:34997]...

[Physics::Module] Initialized MultithreadedJobDispatcher with 15 workers.
Refreshing native plugins compatible for Editor in 7.61 ms, found 3 plugins.
Preloading 0 native plugins for Editor in 0.00 ms.
Initialize engine version: 2022.3.22f1 (887be4894c44)
[Subsystems] Discovering subsystems at path C:/Program Files/Unity/Hub/Editor/2022.3.22f1/Editor/Data/Resources/UnitySubsystems
[Subsystems] Discovering subsystems at path E:/Beta/beta/Assets
GfxDevice: creating device client; threaded=0; jobified=0
Direct3D:
    Version:  Direct3D 11.0 [level 11.1]
    Renderer: NVIDIA GeForce GTX 1080 Ti (ID=0x1b06)
    Vendor:   NVIDIA
    VRAM:     11120 MB
    Driver:   31.0.15.4633
Initialize mono
Mono path[0] = 'C:/Program Files/Unity/Hub/Editor/2022.3.22f1/Editor/Data/Managed'
Mono path[1] = 'C:/Program Files/Unity/Hub/Editor/2022.3.22f1/Editor/Data/MonoBleedingEdge/lib/mono/unityjit-win32'
Mono config path = 'C:/Program Files/Unity/Hub/Editor/2022.3.22f1/Editor/Data/MonoBleedingEdge/etc'
Using monoOptions --debugger-agent=transport=dt_socket,embedding=1,server=y,suspend=n,address=127.0.0.1:56876
Begin MonoManager ReloadAssembly
Registering precompiled unity dll's ...
Register platform support module: C:/Program Files/Unity/Hub/Editor/2022.3.22f1/Editor/Data/PlaybackEngines/WebGLSupport/UnityEditor.WebGL.Extensions.dll
Register platform support module: C:/Program Files/Unity/Hub/Editor/2022.3.22f1/Editor/Data/PlaybackEngines/AndroidPlayer/UnityEditor.Android.Extensions.dll
Register platform support module: C:/Program Files/Unity/Hub/Editor/2022.3.22f1/Editor/Data/PlaybackEngines/WindowsStandaloneSupport/UnityEditor.WindowsStandalone.Extensions.dll
Registered in 0.022286 seconds.
- Loaded All Assemblies, in  0.568 seconds
Native extension for WindowsStandalone target not found
Native extension for Android target not found
Android Extension - Scanning For ADB Devices 294 ms
Native extension for WebGL target not found
Mono: successfully reloaded assembly
- Finished resetting the current domain, in  0.769 seconds
Domain Reload Profiling: 1332ms
	BeginReloadAssembly (179ms)
		ExecutionOrderSort (0ms)
		DisableScriptedObjects (0ms)
		BackupInstance (0ms)
		ReleaseScriptingObjects (0ms)
		CreateAndSetChildDomain (1ms)
	RebuildCommonClasses (51ms)
	RebuildNativeTypeToScriptingClass (18ms)
	initialDomainReloadingComplete (103ms)
	LoadAllAssembliesAndSetupDomain (212ms)
		LoadAssemblies (173ms)
		RebuildTransferFunctionScriptingTraits (0ms)
		AnalyzeDomain (209ms)
			TypeCache.Refresh (207ms)
				TypeCache.ScanAssembly (190ms)
			ScanForSourceGeneratedMonoScriptInfo (1ms)
			ResolveRequiredComponents (1ms)
	FinalizeReload (769ms)
		ReleaseScriptCaches (0ms)
		RebuildScriptCaches (0ms)
		SetupLoadedEditorAssemblies (686ms)
			LogAssemblyErrors (0ms)
			InitializePlatformSupportModulesInManaged (448ms)
			SetLoadedEditorAssemblies (8ms)
			RefreshPlugins (0ms)
			BeforeProcessingInitializeOnLoad (3ms)
			ProcessInitializeOnLoadAttributes (164ms)
			ProcessInitializeOnLoadMethodAttributes (63ms)
			AfterProcessingInitializeOnLoad (0ms)
			EditorAssembliesLoaded (0ms)
		ExecutionOrderSort2 (0ms)
		AwakeInstancesAfterBackupRestoration (0ms)
========================================================================
Worker process is ready to serve import requests
Begin MonoManager ReloadAssembly
- Loaded All Assemblies, in  1.065 seconds
Refreshing native plugins compatible for Editor in 2.80 ms, found 3 plugins.
Native extension for WindowsStandalone target not found
Native extension for Android target not found
Native extension for WebGL target not found
Package Manager log level set to [2]
[Package Manager] Server::EnsureServerProcessIsRunning -- launch failed, reason: Unity was launched with the -noUpm command-line argument
[Package Manager] UpmClient::Send -- Unable to send message (not connected to UPM process).
[Package Manager] Cannot connect to Unity Package Manager local server
Mono: successfully reloaded assembly
- Finished resetting the current domain, in  0.926 seconds
Domain Reload Profiling: 1985ms
	BeginReloadAssembly (235ms)
		ExecutionOrderSort (0ms)
		DisableScriptedObjects (8ms)
		BackupInstance (0ms)
		ReleaseScriptingObjects (0ms)
		CreateAndSetChildDomain (30ms)
	RebuildCommonClasses (78ms)
	RebuildNativeTypeToScriptingClass (17ms)
	initialDomainReloadingComplete (98ms)
	LoadAllAssembliesAndSetupDomain (631ms)
		LoadAssemblies (454ms)
		RebuildTransferFunctionScriptingTraits (0ms)
		AnalyzeDomain (312ms)
			TypeCache.Refresh (282ms)
				TypeCache.ScanAssembly (250ms)
			ScanForSourceGeneratedMonoScriptInfo (20ms)
			ResolveRequiredComponents (8ms)
	FinalizeReload (926ms)
		ReleaseScriptCaches (0ms)
		RebuildScriptCaches (0ms)
		SetupLoadedEditorAssemblies (678ms)
			LogAssemblyErrors (0ms)
			InitializePlatformSupportModulesInManaged (44ms)
			SetLoadedEditorAssemblies (5ms)
			RefreshPlugins (0ms)
			BeforeProcessingInitializeOnLoad (95ms)
			ProcessInitializeOnLoadAttributes (486ms)
			ProcessInitializeOnLoadMethodAttributes (34ms)
			AfterProcessingInitializeOnLoad (15ms)
			EditorAssembliesLoaded (0ms)
		ExecutionOrderSort2 (0ms)
		AwakeInstancesAfterBackupRestoration (10ms)
Launched and connected shader compiler UnityShaderCompiler.exe after 0.05 seconds
Refreshing native plugins compatible for Editor in 2.60 ms, found 3 plugins.
Preloading 0 native plugins for Editor in 0.00 ms.
Unloading 3186 Unused Serialized files (Serialized files now loaded: 0)
Unloading 35 unused Assets / (57.0 KB). Loaded Objects now: 3652.
Memory consumption went from 132.4 MB to 132.4 MB.
Total: 3.581200 ms (FindLiveObjects: 0.320300 ms CreateObjectMapping: 0.099100 ms MarkObjects: 3.029800 ms  DeleteObjects: 0.130700 ms)

AssetImportParameters requested are different than current active one (requested -> active):
  custom:container-demuxer-ogg: 62fdf1f143b41e24485cea50d1cbac27 -> 
  custom:video-decoder-ogg-theora: a1e56fd34408186e4bbccfd4996cb3dc -> 
  custom:framework-win-MediaFoundation: 216162199b28c13a410421893ffa2e32 -> 
  custom:CustomObjectIndexerAttribute: 9a22284fe3817be447336de3de66b15e -> 
  custom:container-demuxer-webm: 4f35f7cbe854078d1ac9338744f61a02 -> 
  custom:container-muxer-webm: aa71ff27fc2769a1b78a27578f13a17b -> 
  custom:video-decoder-webm-vp8: 9c59270c3fd7afecdb556c50c9e8de78 -> 
  custom:SearchIndexIgnoredProperties: e643bd26f0fe6173181afceb89e7c659 -> 
  custom:AudioImporter_EditorPlatform: d09bf68614088b80899f8185d706f6e7 -> 
  custom:video-encoder-webm-vp8: eb34c28f22e8b96e1ab97ce403110664 -> 
  custom:audio-decoder-ogg-vorbis: bf7c407c2cedff20999df2af8eb42d56 -> 
  custom:audio-encoder-webm-vorbis: bf7c407c2cedff20999df2af8eb42d56 -> 
========================================================================
Received Import Request.
  Time since last request: 295559.751097 seconds.
  path: Assets/texture/РњСѓСЃРѕСЂРєР°/dumpsters_Dumpster_Normal.png
  artifactKey: Guid(2ac7aa0d12957c145acafac0ecfd44cd) Importer(815301076,1909f56bfc062723c751e8b465ee728b)
Start importing Assets/texture/РњСѓСЃРѕСЂРєР°/dumpsters_Dumpster_Normal.png using Guid(2ac7aa0d12957c145acafac0ecfd44cd) Importer(815301076,1909f56bfc062723c751e8b465ee728b)  -> (artifact id: '88c5f3b1024eaa7d1048190d7d9bc394') in 0.565950 seconds
Number of updated asset objects reloaded before import = 0
Number of asset objects unloaded after import = 2
========================================================================
Received Import Request.
  Time since last request: 0.000030 seconds.
  path: Assets/texture/РњСѓСЃРѕСЂРєР°/dumpsters_Dumpster_Roughness.png
  artifactKey: Guid(9e86174189a59334cbad3fa4e642ca82) Importer(815301076,1909f56bfc062723c751e8b465ee728b)
Start importing Assets/texture/РњСѓСЃРѕСЂРєР°/dumpsters_Dumpster_Roughness.png using Guid(9e86174189a59334cbad3fa4e642ca82) Importer(815301076,1909f56bfc062723c751e8b465ee728b)  -> (artifact id: 'bdef7c9b4a64cccfe267de6831216b30') in 0.029700 seconds
Number of updated asset objects reloaded before import = 0
Number of asset objects unloaded after import = 2
========================================================================
Received Import Request.
  Time since last request: 401.602963 seconds.
  path: Assets/texture/РњСѓСЃРѕСЂРєР°/Materials/dumpsters_Dumpster_Metallic.mat
  artifactKey: Guid(b59744ff4b0092049a97b54f8ae1910e) Importer(815301076,1909f56bfc062723c751e8b465ee728b)
Start importing Assets/texture/РњСѓСЃРѕСЂРєР°/Materials/dumpsters_Dumpster_Metallic.mat using Guid(b59744ff4b0092049a97b54f8ae1910e) Importer(815301076,1909f56bfc062723c751e8b465ee728b)  -> (artifact id: 'c5c54c2e7ccac7d7af1d83e24ab1d7b3') in 0.193159 seconds
Number of updated asset objects reloaded before import = 0
Number of asset objects unloaded after import = 2
========================================================================
Received Import Request.
  Time since last request: 57.340005 seconds.
  path: Assets/icon/png-clipart-gear-computer-icons-graphics-jpeg-gear-stick-icon-rim-industry (1).png
  artifactKey: Guid(f9014ab282f969441aab22ae9c1db0fc) Importer(815301076,1909f56bfc062723c751e8b465ee728b)
Start importing Assets/icon/png-clipart-gear-computer-icons-graphics-jpeg-gear-stick-icon-rim-industry (1).png using Guid(f9014ab282f969441aab22ae9c1db0fc) Importer(815301076,1909f56bfc062723c751e8b465ee728b)  -> (artifact id: '0b4c38507ad45253c4a9f084ae9fe538') in 0.161405 seconds
Number of updated asset objects reloaded before import = 0
Number of asset objects unloaded after import = 3
========================================================================
Received Import Request.
  Time since last request: 633.030730 seconds.
  path: Assets/texture/Materials/AirVentDiffuse.mat
  artifactKey: Guid(f476daecda9f6a546bf8e7077311284b) Importer(815301076,1909f56bfc062723c751e8b465ee728b)
Start importing Assets/texture/Materials/AirVentDiffuse.mat using Guid(f476daecda9f6a546bf8e7077311284b) Importer(815301076,1909f56bfc062723c751e8b465ee728b)  -> (artifact id: '332afa10a3096ef2fe468302a8f90ffe') in 0.111902 seconds
Number of updated asset objects reloaded before import = 0
Number of asset objects unloaded after import = 1
========================================================================
Received Import Request.
  Time since last request: 0.000140 seconds.
  path: Assets/texture/Materials/pers_beta.mat
  artifactKey: Guid(5947d5cb148f03a4b80adaaa83644fa7) Importer(815301076,1909f56bfc062723c751e8b465ee728b)
Start importing Assets/texture/Materials/pers_beta.mat using Guid(5947d5cb148f03a4b80adaaa83644fa7) Importer(815301076,1909f56bfc062723c751e8b465ee728b)  -> (artifact id: '0c2ef9d57d7b19af631dbd56048683bd') in 0.010472 seconds
Number of updated asset objects reloaded before import = 0
Number of asset objects unloaded after import = 1
========================================================================
Received Import Request.
  Time since last request: 0.000052 seconds.
  path: Assets/texture/Materials/VentNormal.mat
  artifactKey: Guid(c253faa33cbcdc94fa892708d996d0aa) Importer(815301076,1909f56bfc062723c751e8b465ee728b)
Start importing Assets/texture/Materials/VentNormal.mat using Guid(c253faa33cbcdc94fa892708d996d0aa) Importer(815301076,1909f56bfc062723c751e8b465ee728b)  -> (artifact id: '41362464facfc41b82955bb9f9c352e1') in 0.014970 seconds
Number of updated asset objects reloaded before import = 0
Number of asset objects unloaded after import = 1
========================================================================
Received Import Request.
  Time since last request: 0.000027 seconds.
  path: Assets/texture/Materials/Door2Spec.mat
  artifactKey: Guid(2096118e65e9c6f45bdb101a87d4caf2) Importer(815301076,1909f56bfc062723c751e8b465ee728b)
Start importing Assets/texture/Materials/Door2Spec.mat using Guid(2096118e65e9c6f45bdb101a87d4caf2) Importer(815301076,1909f56bfc062723c751e8b465ee728b)  -> (artifact id: 'f7e61a243794d9cf4c7c7cd0eefd8fd2') in 0.009797 seconds
Number of updated asset objects reloaded before import = 0
Number of asset objects unloaded after import = 1
========================================================================
Received Import Request.
  Time since last request: 0.000549 seconds.
  path: Assets/texture/Materials/plasterDiffuse.mat
  artifactKey: Guid(739f047aaa6694548bb4d06378682744) Importer(815301076,1909f56bfc062723c751e8b465ee728b)
Start importing Assets/texture/Materials/plasterDiffuse.mat using Guid(739f047aaa6694548bb4d06378682744) Importer(815301076,1909f56bfc062723c751e8b465ee728b)  -> (artifact id: '857a88f84fec314cd94af613eea9f050') in 0.041003 seconds
Number of updated asset objects reloaded before import = 0
Number of asset objects unloaded after import = 1
========================================================================
Received Import Request.
  Time since last request: 0.000030 seconds.
  path: Assets/texture/Materials/colourful-wall-seamless-background-texture.mat
  artifactKey: Guid(fbaadf3d4179a88409a6112858468bb4) Importer(815301076,1909f56bfc062723c751e8b465ee728b)
Start importing Assets/texture/Materials/colourful-wall-seamless-background-texture.mat using Guid(fbaadf3d4179a88409a6112858468bb4) Importer(815301076,1909f56bfc062723c751e8b465ee728b)  -> (artifact id: '96f702f0bdd1437eeff987ed583c4e0e') in 0.038854 seconds
Number of updated asset objects reloaded before import = 0
Number of asset objects unloaded after import = 2
========================================================================
Received Import Request.
  Time since last request: 0.000033 seconds.
  path: Assets/texture/Materials/pngwing.com.mat
  artifactKey: Guid(bac9bb0dba64aa6438d45c0352f4aad6) Importer(815301076,1909f56bfc062723c751e8b465ee728b)
Start importing Assets/texture/Materials/pngwing.com.mat using Guid(bac9bb0dba64aa6438d45c0352f4aad6) Importer(815301076,1909f56bfc062723c751e8b465ee728b)  -> (artifact id: '935d32f6325bd0ef526761da12b16a90') in 0.075598 seconds
Number of updated asset objects reloaded before import = 0
Number of asset objects unloaded after import = 2
========================================================================
Received Import Request.
  Time since last request: 0.000024 seconds.
  path: Assets/texture/Materials/red-brown-vintage-brick-wall-with-shabby-structure-horizontal-wide-brickwall-background-grungy-red-brick-blank-wall-texture-retro-house-facade-abstract-panoramic-web-banner-stonewall-surface.mat
  artifactKey: Guid(81b704a44fb8f1e4cb2368e781555182) Importer(815301076,1909f56bfc062723c751e8b465ee728b)
Start importing Assets/texture/Materials/red-brown-vintage-brick-wall-with-shabby-structure-horizontal-wide-brickwall-background-grungy-red-brick-blank-wall-texture-retro-house-facade-abstract-panoramic-web-banner-stonewall-surface.mat using Guid(81b704a44fb8f1e4cb2368e781555182) Importer(815301076,1909f56bfc062723c751e8b465ee728b)  -> (artifact id: '513165925b4761a3e7f25abfbe0c5f3f') in 0.160495 seconds
Number of updated asset objects reloaded before import = 0
Number of asset objects unloaded after import = 2
========================================================================
Received Import Request.
  Time since last request: 0.000027 seconds.
  path: Assets/texture/Materials/Textures Body 2.bmp
  artifactKey: Guid(211ccfe64c07a054988b58cf8c0876d5) Importer(815301076,1909f56bfc062723c751e8b465ee728b)
Start importing Assets/texture/Materials/Textures Body 2.bmp using Guid(211ccfe64c07a054988b58cf8c0876d5) Importer(815301076,1909f56bfc062723c751e8b465ee728b)  -> (artifact id: '04f25af098a5a30bfde6079bdfdfd097') in 0.176220 seconds
Number of updated asset objects reloaded before import = 0
Number of asset objects unloaded after import = 2
========================================================================
Received Import Request.
  Time since last request: 0.000039 seconds.
  path: Assets/texture/Materials/TrashCan_TrashCan_BaseColor.mat
  artifactKey: Guid(bb83e1738b14ba24a96d0f9b6747c39a) Importer(815301076,1909f56bfc062723c751e8b465ee728b)
Start importing Assets/texture/Materials/TrashCan_TrashCan_BaseColor.mat using Guid(bb83e1738b14ba24a96d0f9b6747c39a) Importer(815301076,1909f56bfc062723c751e8b465ee728b)  -> (artifact id: 'a545bfbdc188362d4f645499e7ad7aa2') in 0.015778 seconds
Number of updated asset objects reloaded before import = 0
Number of asset objects unloaded after import = 2
========================================================================
Received Import Request.
  Time since last request: 0.000023 seconds.
  path: Assets/texture/Materials/BrickNormal.mat
  artifactKey: Guid(611d4bb67051d8a4cbf7334706a7b90d) Importer(815301076,1909f56bfc062723c751e8b465ee728b)
Start importing Assets/texture/Materials/BrickNormal.mat using Guid(611d4bb67051d8a4cbf7334706a7b90d) Importer(815301076,1909f56bfc062723c751e8b465ee728b)  -> (artifact id: '678105e1090ac96e770c78505a328a91') in 0.007616 seconds
Number of updated asset objects reloaded before import = 0
Number of asset objects unloaded after import = 1
========================================================================
Received Import Request.
  Time since last request: 0.000021 seconds.
  path: Assets/texture/Materials/pol_beta2.mat
  artifactKey: Guid(ad4ab027623f80e4bb0533f458edd01c) Importer(815301076,1909f56bfc062723c751e8b465ee728b)
Start importing Assets/texture/Materials/pol_beta2.mat using Guid(ad4ab027623f80e4bb0533f458edd01c) Importer(815301076,1909f56bfc062723c751e8b465ee728b)  -> (artifact id: '52730abee0126b1d626e66d5645d6174') in 0.020734 seconds
Number of updated asset objects reloaded before import = 0
Number of asset objects unloaded after import = 1
========================================================================
Received Import Request.
  Time since last request: 0.000023 seconds.
  path: Assets/texture/Materials/WindowDiffuse.mat
  artifactKey: Guid(d7dcf011f0edc5645bf200cccf97ac37) Importer(815301076,1909f56bfc062723c751e8b465ee728b)
Start importing Assets/texture/Materials/WindowDiffuse.mat using Guid(d7dcf011f0edc5645bf200cccf97ac37) Importer(815301076,1909f56bfc062723c751e8b465ee728b)  -> (artifact id: '3562dad9787f23c0ab9e08119d949e39') in 0.026041 seconds
Number of updated asset objects reloaded before import = 0
Number of asset objects unloaded after import = 1
========================================================================
Received Import Request.
  Time since last request: 0.000031 seconds.
  path: Assets/texture/Materials/StreetLamp1Concrete_basecolor.mat
  artifactKey: Guid(7266be521a180ef4d80fe60a636729ab) Importer(815301076,1909f56bfc062723c751e8b465ee728b)
Start importing Assets/texture/Materials/StreetLamp1Concrete_basecolor.mat using Guid(7266be521a180ef4d80fe60a636729ab) Importer(815301076,1909f56bfc062723c751e8b465ee728b)  -> (artifact id: '7012369e1eed2a0d047269ee1d9c9fe9') in 0.016340 seconds
Number of updated asset objects reloaded before import = 0
Number of asset objects unloaded after import = 2
========================================================================
Received Import Request.
  Time since last request: 0.000028 seconds.
  path: Assets/texture/Materials/WindowSpec.mat
  artifactKey: Guid(593cb0fd46efd8f46820480663c2189b) Importer(815301076,1909f56bfc062723c751e8b465ee728b)
Start importing Assets/texture/Materials/WindowSpec.mat using Guid(593cb0fd46efd8f46820480663c2189b) Importer(815301076,1909f56bfc062723c751e8b465ee728b)  -> (artifact id: 'f802a46b23031ee9fc56be69bea21d8d') in 0.006650 seconds
Number of updated asset objects reloaded before import = 0
Number of asset objects unloaded after import = 1
========================================================================
Received Import Request.
  Time since last request: 0.000076 seconds.
  path: Assets/texture/Materials/plasterNormal.mat
  artifactKey: Guid(6d02977f6aa2c6c4185cba13f0102931) Importer(815301076,1909f56bfc062723c751e8b465ee728b)
Start importing Assets/texture/Materials/plasterNormal.mat using Guid(6d02977f6aa2c6c4185cba13f0102931) Importer(815301076,1909f56bfc062723c751e8b465ee728b)  -> (artifact id: '4e3fa8b977a08ecbe76a819a6675838c') in 0.034910 seconds
Number of updated asset objects reloaded before import = 0
Number of asset objects unloaded after import = 1
========================================================================
Received Import Request.
  Time since last request: 0.000039 seconds.
  path: Assets/texture/Materials/Textures Body 2.mat
  artifactKey: Guid(d99157de92fabd44baaab854075728cf) Importer(815301076,1909f56bfc062723c751e8b465ee728b)
Start importing Assets/texture/Materials/Textures Body 2.mat using Guid(d99157de92fabd44baaab854075728cf) Importer(815301076,1909f56bfc062723c751e8b465ee728b)  -> (artifact id: '9eb905097336fd715870cb327034b084') in 0.016884 seconds
Number of updated asset objects reloaded before import = 0
Number of asset objects unloaded after import = 2
========================================================================
Received Import Request.
  Time since last request: 0.000024 seconds.
  path: Assets/texture/Materials/Textures wheel 1.mat
  artifactKey: Guid(5ced38252eef8e9478301664154f1dd6) Importer(815301076,1909f56bfc062723c751e8b465ee728b)
Start importing Assets/texture/Materials/Textures wheel 1.mat using Guid(5ced38252eef8e9478301664154f1dd6) Importer(815301076,1909f56bfc062723c751e8b465ee728b)  -> (artifact id: '5682199fc9bac68e329bcec2354b0057') in 0.077612 seconds
Number of updated asset objects reloaded before import = 0
Number of asset objects unloaded after import = 2
========================================================================
Received Import Request.
  Time since last request: 0.000024 seconds.
  path: Assets/texture/Materials/Door2Normal.mat
  artifactKey: Guid(47f5160ef6e159348b18c091a6304540) Importer(815301076,1909f56bfc062723c751e8b465ee728b)
Start importing Assets/texture/Materials/Door2Normal.mat using Guid(47f5160ef6e159348b18c091a6304540) Importer(815301076,1909f56bfc062723c751e8b465ee728b)  -> (artifact id: '55353285da22cce38fce6c687e070c60') in 0.007564 seconds
Number of updated asset objects reloaded before import = 0
Number of asset objects unloaded after import = 1
Editor requested this worker to shutdown with reason: Scaling down because of idle timeout
TcpMessagingSession - receive error: operation aborted. errorcode: 995, details: Операция ввода/вывода была прервана из-за завершения потока команд или по запросу приложения.
AssetImportWorker is now disconnected from the server
Process exiting
Exiting without the bug reporter. Application will terminate with return code 0