Using pre-set license
Built from '2022.3/staging' branch; Version is '2022.3.22f1 (887be4894c44) revision 8944612'; Using compiler version '192829333'; Build Type 'Release'
OS: 'Windows 10  (10.0.19045) 64bit Core' Language: 'ru' Physical Memory: 16298 MB
BatchMode: 1, IsHumanControllingUs: 0, StartBugReporterOnCrash: 0, Is64bit: 1, IsPro: 1

COMMAND LINE ARGUMENTS:
D:\Unity hub editor\2022.3.22f1\Editor\Unity.exe
-adb2
-batchMode
-noUpm
-name
AssetImportWorker2
-projectPath
D:/Beta/beta
-logFile
Logs/AssetImportWorker2.log
-srvPort
61427
Successfully changed project path to: D:/Beta/beta
D:/Beta/beta
[UnityMemory] Configuration Parameters - Can be set up in boot.config
    "memorysetup-bucket-allocator-granularity=16"
    "memorysetup-bucket-allocator-bucket-count=8"
    "memorysetup-bucket-allocator-block-size=33554432"
    "memorysetup-bucket-allocator-block-count=8"
    "memorysetup-main-allocator-block-size=16777216"
    "memorysetup-thread-allocator-block-size=16777216"
    "memorysetup-gfx-main-allocator-block-size=16777216"
    "memorysetup-gfx-thread-allocator-block-size=16777216"
    "memorysetup-cache-allocator-block-size=4194304"
    "memorysetup-typetree-allocator-block-size=2097152"
    "memorysetup-profiler-bucket-allocator-granularity=16"
    "memorysetup-profiler-bucket-allocator-bucket-count=8"
    "memorysetup-profiler-bucket-allocator-block-size=33554432"
    "memorysetup-profiler-bucket-allocator-block-count=8"
    "memorysetup-profiler-allocator-block-size=16777216"
    "memorysetup-profiler-editor-allocator-block-size=1048576"
    "memorysetup-temp-allocator-size-main=16777216"
    "memorysetup-job-temp-allocator-block-size=2097152"
    "memorysetup-job-temp-allocator-block-size-background=1048576"
    "memorysetup-job-temp-allocator-reduction-small-platforms=262144"
    "memorysetup-allocator-temp-initial-block-size-main=262144"
    "memorysetup-allocator-temp-initial-block-size-worker=262144"
    "memorysetup-temp-allocator-size-background-worker=32768"
    "memorysetup-temp-allocator-size-job-worker=262144"
    "memorysetup-temp-allocator-size-preload-manager=33554432"
    "memorysetup-temp-allocator-size-nav-mesh-worker=65536"
    "memorysetup-temp-allocator-size-audio-worker=65536"
    "memorysetup-temp-allocator-size-cloud-worker=32768"
    "memorysetup-temp-allocator-size-gi-baking-worker=262144"
    "memorysetup-temp-allocator-size-gfx=262144"
Player connection [8032] Host "[IP] 192.168.1.42 [Port] 0 [Flags] 2 [Guid] 1352726403 [EditorId] 1352726403 [Version] 1048832 [Id] WindowsEditor(7,DESKTOP-GVGUE6U) [Debug] 1 [PackageName] WindowsEditor [ProjectName] Editor" joined multi-casting on [225.0.0.222:54997]...

Player connection [8032] Host "[IP] 192.168.1.42 [Port] 0 [Flags] 2 [Guid] 1352726403 [EditorId] 1352726403 [Version] 1048832 [Id] WindowsEditor(7,DESKTOP-GVGUE6U) [Debug] 1 [PackageName] WindowsEditor [ProjectName] Editor" joined alternative multi-casting on [225.0.0.222:34997]...

[Physics::Module] Initialized MultithreadedJobDispatcher with 7 workers.
Refreshing native plugins compatible for Editor in 7.72 ms, found 3 plugins.
Preloading 0 native plugins for Editor in 0.00 ms.
Initialize engine version: 2022.3.22f1 (887be4894c44)
[Subsystems] Discovering subsystems at path D:/Unity hub editor/2022.3.22f1/Editor/Data/Resources/UnitySubsystems
[Subsystems] Discovering subsystems at path D:/Beta/beta/Assets
GfxDevice: creating device client; threaded=0; jobified=0
Direct3D:
    Version:  Direct3D 11.0 [level 11.1]
    Renderer: NVIDIA GeForce GTX 1050 Ti (ID=0x1c82)
    Vendor:   NVIDIA
    VRAM:     4017 MB
    Driver:   31.0.15.3623
Initialize mono
Mono path[0] = 'D:/Unity hub editor/2022.3.22f1/Editor/Data/Managed'
Mono path[1] = 'D:/Unity hub editor/2022.3.22f1/Editor/Data/MonoBleedingEdge/lib/mono/unityjit-win32'
Mono config path = 'D:/Unity hub editor/2022.3.22f1/Editor/Data/MonoBleedingEdge/etc'
Using monoOptions --debugger-agent=transport=dt_socket,embedding=1,server=y,suspend=n,address=127.0.0.1:56064
Begin MonoManager ReloadAssembly
Registering precompiled unity dll's ...
Register platform support module: D:/Unity hub editor/2022.3.22f1/Editor/Data/PlaybackEngines/WebGLSupport/UnityEditor.WebGL.Extensions.dll
Register platform support module: D:/Unity hub editor/2022.3.22f1/Editor/Data/PlaybackEngines/AndroidPlayer/UnityEditor.Android.Extensions.dll
Register platform support module: D:/Unity hub editor/2022.3.22f1/Editor/Data/PlaybackEngines/WindowsStandaloneSupport/UnityEditor.WindowsStandalone.Extensions.dll
Registered in 0.007153 seconds.
- Loaded All Assemblies, in  0.538 seconds
Native extension for WindowsStandalone target not found
Native extension for Android target not found
Android Extension - Scanning For ADB Devices 338 ms
Native extension for WebGL target not found
Mono: successfully reloaded assembly
- Finished resetting the current domain, in  0.828 seconds
Domain Reload Profiling: 1365ms
	BeginReloadAssembly (148ms)
		ExecutionOrderSort (0ms)
		DisableScriptedObjects (0ms)
		BackupInstance (0ms)
		ReleaseScriptingObjects (0ms)
		CreateAndSetChildDomain (1ms)
	RebuildCommonClasses (52ms)
	RebuildNativeTypeToScriptingClass (18ms)
	initialDomainReloadingComplete (79ms)
	LoadAllAssembliesAndSetupDomain (240ms)
		LoadAssemblies (148ms)
		RebuildTransferFunctionScriptingTraits (0ms)
		AnalyzeDomain (236ms)
			TypeCache.Refresh (234ms)
				TypeCache.ScanAssembly (215ms)
			ScanForSourceGeneratedMonoScriptInfo (0ms)
			ResolveRequiredComponents (1ms)
	FinalizeReload (828ms)
		ReleaseScriptCaches (0ms)
		RebuildScriptCaches (0ms)
		SetupLoadedEditorAssemblies (736ms)
			LogAssemblyErrors (0ms)
			InitializePlatformSupportModulesInManaged (488ms)
			SetLoadedEditorAssemblies (5ms)
			RefreshPlugins (0ms)
			BeforeProcessingInitializeOnLoad (3ms)
			ProcessInitializeOnLoadAttributes (167ms)
			ProcessInitializeOnLoadMethodAttributes (72ms)
			AfterProcessingInitializeOnLoad (2ms)
			EditorAssembliesLoaded (0ms)
		ExecutionOrderSort2 (0ms)
		AwakeInstancesAfterBackupRestoration (0ms)
========================================================================
Worker process is ready to serve import requests
Begin MonoManager ReloadAssembly
- Loaded All Assemblies, in  0.614 seconds
Refreshing native plugins compatible for Editor in 1.57 ms, found 3 plugins.
Native extension for WindowsStandalone target not found
Native extension for Android target not found
Native extension for WebGL target not found
Package Manager log level set to [2]
[Package Manager] Server::EnsureServerProcessIsRunning -- launch failed, reason: Unity was launched with the -noUpm command-line argument
[Package Manager] UpmClient::Send -- Unable to send message (not connected to UPM process).
[Package Manager] Cannot connect to Unity Package Manager local server
Mono: successfully reloaded assembly
- Finished resetting the current domain, in  0.572 seconds
Domain Reload Profiling: 1187ms
	BeginReloadAssembly (144ms)
		ExecutionOrderSort (0ms)
		DisableScriptedObjects (7ms)
		BackupInstance (0ms)
		ReleaseScriptingObjects (0ms)
		CreateAndSetChildDomain (24ms)
	RebuildCommonClasses (36ms)
	RebuildNativeTypeToScriptingClass (11ms)
	initialDomainReloadingComplete (37ms)
	LoadAllAssembliesAndSetupDomain (386ms)
		LoadAssemblies (246ms)
		RebuildTransferFunctionScriptingTraits (0ms)
		AnalyzeDomain (218ms)
			TypeCache.Refresh (194ms)
				TypeCache.ScanAssembly (177ms)
			ScanForSourceGeneratedMonoScriptInfo (17ms)
			ResolveRequiredComponents (6ms)
	FinalizeReload (573ms)
		ReleaseScriptCaches (0ms)
		RebuildScriptCaches (0ms)
		SetupLoadedEditorAssemblies (414ms)
			LogAssemblyErrors (0ms)
			InitializePlatformSupportModulesInManaged (22ms)
			SetLoadedEditorAssemblies (3ms)
			RefreshPlugins (0ms)
			BeforeProcessingInitializeOnLoad (49ms)
			ProcessInitializeOnLoadAttributes (319ms)
			ProcessInitializeOnLoadMethodAttributes (19ms)
			AfterProcessingInitializeOnLoad (2ms)
			EditorAssembliesLoaded (0ms)
		ExecutionOrderSort2 (0ms)
		AwakeInstancesAfterBackupRestoration (6ms)
Launched and connected shader compiler UnityShaderCompiler.exe after 0.04 seconds
Refreshing native plugins compatible for Editor in 1.95 ms, found 3 plugins.
Preloading 0 native plugins for Editor in 0.00 ms.
Unloading 3186 Unused Serialized files (Serialized files now loaded: 0)
Unloading 35 unused Assets / (57.5 KB). Loaded Objects now: 3653.
Memory consumption went from 132.6 MB to 132.6 MB.
Total: 2.990400 ms (FindLiveObjects: 0.238700 ms CreateObjectMapping: 0.179600 ms MarkObjects: 2.469000 ms  DeleteObjects: 0.102000 ms)

AssetImportParameters requested are different than current active one (requested -> active):
  custom:container-demuxer-ogg: 62fdf1f143b41e24485cea50d1cbac27 -> 
  custom:video-decoder-ogg-theora: a1e56fd34408186e4bbccfd4996cb3dc -> 
  custom:framework-win-MediaFoundation: 216162199b28c13a410421893ffa2e32 -> 
  custom:CustomObjectIndexerAttribute: 9a22284fe3817be447336de3de66b15e -> 
  custom:container-demuxer-webm: 4f35f7cbe854078d1ac9338744f61a02 -> 
  custom:container-muxer-webm: aa71ff27fc2769a1b78a27578f13a17b -> 
  custom:video-decoder-webm-vp8: 9c59270c3fd7afecdb556c50c9e8de78 -> 
  custom:SearchIndexIgnoredProperties: e643bd26f0fe6173181afceb89e7c659 -> 
  custom:AudioImporter_EditorPlatform: d09bf68614088b80899f8185d706f6e7 -> 
  custom:video-encoder-webm-vp8: eb34c28f22e8b96e1ab97ce403110664 -> 
  custom:audio-decoder-ogg-vorbis: bf7c407c2cedff20999df2af8eb42d56 -> 
  custom:audio-encoder-webm-vorbis: bf7c407c2cedff20999df2af8eb42d56 -> 
========================================================================
Received Import Request.
  Time since last request: 1299927.191831 seconds.
  path: Assets/texture/Materials
  artifactKey: Guid(dd8771719493a2347b1048b6c3259643) Importer(815301076,1909f56bfc062723c751e8b465ee728b)
Start importing Assets/texture/Materials using Guid(dd8771719493a2347b1048b6c3259643) Importer(815301076,1909f56bfc062723c751e8b465ee728b)  -> (artifact id: 'ee505ee45e40c8f6b791850f193c1d9c') in 0.002474 seconds
Number of updated asset objects reloaded before import = 0
Number of asset objects unloaded after import = 0
========================================================================
Received Import Request.
  Time since last request: 0.037557 seconds.
  path: Assets/texture/Materials/12.mat
  artifactKey: Guid(752167a6a181ff8448f37e48ca54109f) Importer(815301076,1909f56bfc062723c751e8b465ee728b)
Start importing Assets/texture/Materials/12.mat using Guid(752167a6a181ff8448f37e48ca54109f) Importer(815301076,1909f56bfc062723c751e8b465ee728b)  -> (artifact id: 'fc9f006e37957d9b06840be5bf093f06') in 0.171521 seconds
Number of updated asset objects reloaded before import = 0
Number of asset objects unloaded after import = 2
========================================================================
Received Import Request.
  Time since last request: 0.000024 seconds.
  path: Assets/texture/Materials/Textures wheel.mat
  artifactKey: Guid(10f0c3313750c384b9846d3be19e76ed) Importer(815301076,1909f56bfc062723c751e8b465ee728b)
Start importing Assets/texture/Materials/Textures wheel.mat using Guid(10f0c3313750c384b9846d3be19e76ed) Importer(815301076,1909f56bfc062723c751e8b465ee728b)  -> (artifact id: '3196c5be1b7a53d6c6a834e367874214') in 0.043289 seconds
Number of updated asset objects reloaded before import = 0
Number of asset objects unloaded after import = 2
========================================================================
Received Import Request.
  Time since last request: 0.001023 seconds.
  path: Assets/texture/Materials/WindowNormal.mat
  artifactKey: Guid(da7e7ca6433a5ae4d9a3bfcdb77b4a08) Importer(815301076,1909f56bfc062723c751e8b465ee728b)
Start importing Assets/texture/Materials/WindowNormal.mat using Guid(da7e7ca6433a5ae4d9a3bfcdb77b4a08) Importer(815301076,1909f56bfc062723c751e8b465ee728b)  -> (artifact id: 'd2a8f09c6bb1ad4555214d8403f0259c') in 0.014958 seconds
Number of updated asset objects reloaded before import = 0
Number of asset objects unloaded after import = 1
========================================================================
Received Import Request.
  Time since last request: 0.000018 seconds.
  path: Assets/texture/Materials/pol_beta3.mat
  artifactKey: Guid(c38e31817847432409cbcd43a84ccfc9) Importer(815301076,1909f56bfc062723c751e8b465ee728b)
Start importing Assets/texture/Materials/pol_beta3.mat using Guid(c38e31817847432409cbcd43a84ccfc9) Importer(815301076,1909f56bfc062723c751e8b465ee728b)  -> (artifact id: '5ebc9522eecc0945aedfc3ac2bd7d197') in 0.013716 seconds
Number of updated asset objects reloaded before import = 0
Number of asset objects unloaded after import = 1
========================================================================
Received Import Request.
  Time since last request: 0.000022 seconds.
  path: Assets/texture/Materials/colourful-wall-seamless-background-texture.mat
  artifactKey: Guid(fbaadf3d4179a88409a6112858468bb4) Importer(815301076,1909f56bfc062723c751e8b465ee728b)
Start importing Assets/texture/Materials/colourful-wall-seamless-background-texture.mat using Guid(fbaadf3d4179a88409a6112858468bb4) Importer(815301076,1909f56bfc062723c751e8b465ee728b)  -> (artifact id: '89cfdd584952ee6bb604010f9a69636b') in 0.051923 seconds
Number of updated asset objects reloaded before import = 0
Number of asset objects unloaded after import = 2
========================================================================
Received Import Request.
  Time since last request: 0.000017 seconds.
  path: Assets/texture/Materials/TrashCan_TrashCan_Metallic.mat
  artifactKey: Guid(c483602a9a7d3d44c880709c60d27dc5) Importer(815301076,1909f56bfc062723c751e8b465ee728b)
Start importing Assets/texture/Materials/TrashCan_TrashCan_Metallic.mat using Guid(c483602a9a7d3d44c880709c60d27dc5) Importer(815301076,1909f56bfc062723c751e8b465ee728b)  -> (artifact id: '8c318e3ae81e048f9c63e84b8f2724ac') in 0.025278 seconds
Number of updated asset objects reloaded before import = 0
Number of asset objects unloaded after import = 1
========================================================================
Received Import Request.
  Time since last request: 0.000020 seconds.
  path: Assets/texture/Materials/png-transparent-orange-white-and-blue-graffiti-graffiti-street-art-wall-hip-hop-colorful-graffiti-on-the-wall-color-splash-text-orange (1).mat
  artifactKey: Guid(bce8b60a289c11c4291a6324cafc2638) Importer(815301076,1909f56bfc062723c751e8b465ee728b)
Start importing Assets/texture/Materials/png-transparent-orange-white-and-blue-graffiti-graffiti-street-art-wall-hip-hop-colorful-graffiti-on-the-wall-color-splash-text-orange (1).mat using Guid(bce8b60a289c11c4291a6324cafc2638) Importer(815301076,1909f56bfc062723c751e8b465ee728b)  -> (artifact id: '5d307ac5b3391a48a2d2725d96d4c1a6') in 0.028079 seconds
Number of updated asset objects reloaded before import = 0
Number of asset objects unloaded after import = 2
========================================================================
Received Import Request.
  Time since last request: 0.000017 seconds.
  path: Assets/texture/Materials/WindowSpec.mat
  artifactKey: Guid(593cb0fd46efd8f46820480663c2189b) Importer(815301076,1909f56bfc062723c751e8b465ee728b)
Start importing Assets/texture/Materials/WindowSpec.mat using Guid(593cb0fd46efd8f46820480663c2189b) Importer(815301076,1909f56bfc062723c751e8b465ee728b)  -> (artifact id: '37c4bbc2b1a4ae8b589627fadf6c11fc') in 0.026499 seconds
Number of updated asset objects reloaded before import = 0
Number of asset objects unloaded after import = 1
========================================================================
Received Import Request.
  Time since last request: 0.000019 seconds.
  path: Assets/texture/Materials/BrickDiffuse.mat
  artifactKey: Guid(fd26101db95c17a4e88bdd7ad43635fa) Importer(815301076,1909f56bfc062723c751e8b465ee728b)
Start importing Assets/texture/Materials/BrickDiffuse.mat using Guid(fd26101db95c17a4e88bdd7ad43635fa) Importer(815301076,1909f56bfc062723c751e8b465ee728b)  -> (artifact id: 'd8a9881a7496b6016df81e008a00823a') in 0.023080 seconds
Number of updated asset objects reloaded before import = 0
Number of asset objects unloaded after import = 1
========================================================================
Received Import Request.
  Time since last request: 6.126103 seconds.
  path: Assets/Tiles
  artifactKey: Guid(ff623c9e3ef3e4c45b7da154d3f07129) Importer(815301076,1909f56bfc062723c751e8b465ee728b)
Start importing Assets/Tiles using Guid(ff623c9e3ef3e4c45b7da154d3f07129) Importer(815301076,1909f56bfc062723c751e8b465ee728b)  -> (artifact id: '45da32ff2df7ca878c73c3d7d22b0baa') in 0.000518 seconds
Number of updated asset objects reloaded before import = 0
Number of asset objects unloaded after import = 0
========================================================================
Received Import Request.
  Time since last request: 0.077573 seconds.
  path: Assets/Tiles/Plane.prefab
  artifactKey: Guid(dad7a21d54c6ce7488ee7dfe7bcbdd47) Importer(815301076,1909f56bfc062723c751e8b465ee728b)
Start importing Assets/Tiles/Plane.prefab using Guid(dad7a21d54c6ce7488ee7dfe7bcbdd47) Importer(815301076,1909f56bfc062723c751e8b465ee728b)  -> (artifact id: '3fe9faedf7046194df4f83e4d11e19f1') in 0.028229 seconds
Number of updated asset objects reloaded before import = 0
Number of asset objects unloaded after import = 8
========================================================================
Received Import Request.
  Time since last request: 2.232591 seconds.
  path: Assets/texture
  artifactKey: Guid(5b7903ac27b441146b55233653ddd994) Importer(815301076,1909f56bfc062723c751e8b465ee728b)
Start importing Assets/texture using Guid(5b7903ac27b441146b55233653ddd994) Importer(815301076,1909f56bfc062723c751e8b465ee728b)  -> (artifact id: 'f69ef0d17a62869ba4db6c0cfa70affc') in 0.000419 seconds
Number of updated asset objects reloaded before import = 0
Number of asset objects unloaded after import = 0
========================================================================
Received Import Request.
  Time since last request: 2.177552 seconds.
  path: Assets/TextMesh Pro
  artifactKey: Guid(f54d1bd14bd3ca042bd867b519fee8cc) Importer(815301076,1909f56bfc062723c751e8b465ee728b)
Start importing Assets/TextMesh Pro using Guid(f54d1bd14bd3ca042bd867b519fee8cc) Importer(815301076,1909f56bfc062723c751e8b465ee728b)  -> (artifact id: '539788fea73926d38e17274c55d5d4cc') in 0.000432 seconds
Number of updated asset objects reloaded before import = 0
Number of asset objects unloaded after import = 0
========================================================================
Received Import Request.
  Time since last request: 1.706433 seconds.
  path: Assets/Sounds
  artifactKey: Guid(c01a1fbd0d97f2444af13ba42a2d449d) Importer(815301076,1909f56bfc062723c751e8b465ee728b)
Start importing Assets/Sounds using Guid(c01a1fbd0d97f2444af13ba42a2d449d) Importer(815301076,1909f56bfc062723c751e8b465ee728b)  -> (artifact id: '25331ec75c174d310c8dee508597f348') in 0.000402 seconds
Number of updated asset objects reloaded before import = 0
Number of asset objects unloaded after import = 0
========================================================================
Received Import Request.
  Time since last request: 0.064879 seconds.
  path: Assets/Sounds/in_game_bs.mp3
  artifactKey: Guid(a85e5da7844ff8340bfdd18f3df2c42f) Importer(815301076,1909f56bfc062723c751e8b465ee728b)
Start importing Assets/Sounds/in_game_bs.mp3 using Guid(a85e5da7844ff8340bfdd18f3df2c42f) Importer(815301076,1909f56bfc062723c751e8b465ee728b)  -> (artifact id: '422ace8f90048c93d43018ec552e7ad0') in 0.032312 seconds
Number of updated asset objects reloaded before import = 0
Number of asset objects unloaded after import = 2
========================================================================
Received Import Request.
  Time since last request: 2.725923 seconds.
  path: Assets/Script
  artifactKey: Guid(e41c87f92f572724d994b643978a1fc4) Importer(815301076,1909f56bfc062723c751e8b465ee728b)
Start importing Assets/Script using Guid(e41c87f92f572724d994b643978a1fc4) Importer(815301076,1909f56bfc062723c751e8b465ee728b)  -> (artifact id: '2fee007023f2f4a66201d77ab108d5c5') in 0.000391 seconds
Number of updated asset objects reloaded before import = 0
Number of asset objects unloaded after import = 0
========================================================================
Received Import Request.
  Time since last request: 2.048786 seconds.
  path: Assets/Models
  artifactKey: Guid(e1657532b7436fb478168ca7a3ab997c) Importer(815301076,1909f56bfc062723c751e8b465ee728b)
Start importing Assets/Models using Guid(e1657532b7436fb478168ca7a3ab997c) Importer(815301076,1909f56bfc062723c751e8b465ee728b)  -> (artifact id: 'cab38e464831b17ca37c51e26b7cb5bb') in 0.000497 seconds
Number of updated asset objects reloaded before import = 0
Number of asset objects unloaded after import = 0
========================================================================
Received Import Request.
  Time since last request: 0.112875 seconds.
  path: Assets/Models/FBX.fbx
  artifactKey: Guid(3d98894fa45721b4cbab3a5e026eba29) Importer(815301076,1909f56bfc062723c751e8b465ee728b)
Start importing Assets/Models/FBX.fbx using Guid(3d98894fa45721b4cbab3a5e026eba29) Importer(815301076,1909f56bfc062723c751e8b465ee728b)  -> (artifact id: '3edd0c3127bf7fdb9b1bbf162429bef6') in 0.183124 seconds
Number of updated asset objects reloaded before import = 0
Number of asset objects unloaded after import = 46
========================================================================
Received Import Request.
  Time since last request: 0.000033 seconds.
  path: Assets/Models/TrashCan.fbx
  artifactKey: Guid(2d5430ed8ab0dd44aa829f9f9fa4fd61) Importer(815301076,1909f56bfc062723c751e8b465ee728b)
Start importing Assets/Models/TrashCan.fbx using Guid(2d5430ed8ab0dd44aa829f9f9fa4fd61) Importer(815301076,1909f56bfc062723c751e8b465ee728b)  -> (artifact id: '3f16cb23f3635d8de5db6eb4e8996296') in 0.038161 seconds
Number of updated asset objects reloaded before import = 0
Number of asset objects unloaded after import = 15
========================================================================
Received Import Request.
  Time since last request: 0.000023 seconds.
  path: Assets/Models/СЃС†РµРЅР°.fbx
  artifactKey: Guid(93c504bf9f57dca448de567ed67f76b3) Importer(815301076,1909f56bfc062723c751e8b465ee728b)
Start importing Assets/Models/СЃС†РµРЅР°.fbx using Guid(93c504bf9f57dca448de567ed67f76b3) Importer(815301076,1909f56bfc062723c751e8b465ee728b)  -> (artifact id: 'c1babc43f2140f03c72a56f3185aa3b4') in 0.151420 seconds
Number of updated asset objects reloaded before import = 0
Number of asset objects unloaded after import = 67
Editor requested this worker to shutdown with reason: Scaling down because of idle timeout
TcpMessagingSession - receive error: operation aborted. errorcode: 995, details: Операция ввода/вывода была прервана из-за завершения потока команд или по запросу приложения.
AssetImportWorker is now disconnected from the server
Process exiting
Exiting without the bug reporter. Application will terminate with return code 0