Using pre-set license
Built from '2022.3/staging' branch; Version is '2022.3.22f1 (887be4894c44) revision 8944612'; Using compiler version '192829333'; Build Type 'Release'
OS: 'Windows 10  (10.0.19045) 64bit Core' Language: 'ru' Physical Memory: 16298 MB
BatchMode: 1, IsHumanControllingUs: 0, StartBugReporterOnCrash: 0, Is64bit: 1, IsPro: 1

COMMAND LINE ARGUMENTS:
D:\Unity hub editor\2022.3.22f1\Editor\Unity.exe
-adb2
-batchMode
-noUpm
-name
AssetImportWorker25
-projectPath
D:/Beta/beta
-logFile
Logs/AssetImportWorker25.log
-srvPort
57349
Successfully changed project path to: D:/Beta/beta
D:/Beta/beta
[UnityMemory] Configuration Parameters - Can be set up in boot.config
    "memorysetup-bucket-allocator-granularity=16"
    "memorysetup-bucket-allocator-bucket-count=8"
    "memorysetup-bucket-allocator-block-size=33554432"
    "memorysetup-bucket-allocator-block-count=8"
    "memorysetup-main-allocator-block-size=16777216"
    "memorysetup-thread-allocator-block-size=16777216"
    "memorysetup-gfx-main-allocator-block-size=16777216"
    "memorysetup-gfx-thread-allocator-block-size=16777216"
    "memorysetup-cache-allocator-block-size=4194304"
    "memorysetup-typetree-allocator-block-size=2097152"
    "memorysetup-profiler-bucket-allocator-granularity=16"
    "memorysetup-profiler-bucket-allocator-bucket-count=8"
    "memorysetup-profiler-bucket-allocator-block-size=33554432"
    "memorysetup-profiler-bucket-allocator-block-count=8"
    "memorysetup-profiler-allocator-block-size=16777216"
    "memorysetup-profiler-editor-allocator-block-size=1048576"
    "memorysetup-temp-allocator-size-main=16777216"
    "memorysetup-job-temp-allocator-block-size=2097152"
    "memorysetup-job-temp-allocator-block-size-background=1048576"
    "memorysetup-job-temp-allocator-reduction-small-platforms=262144"
    "memorysetup-allocator-temp-initial-block-size-main=262144"
    "memorysetup-allocator-temp-initial-block-size-worker=262144"
    "memorysetup-temp-allocator-size-background-worker=32768"
    "memorysetup-temp-allocator-size-job-worker=262144"
    "memorysetup-temp-allocator-size-preload-manager=33554432"
    "memorysetup-temp-allocator-size-nav-mesh-worker=65536"
    "memorysetup-temp-allocator-size-audio-worker=65536"
    "memorysetup-temp-allocator-size-cloud-worker=32768"
    "memorysetup-temp-allocator-size-gi-baking-worker=262144"
    "memorysetup-temp-allocator-size-gfx=262144"
Player connection [28472] Host "[IP] 192.168.1.42 [Port] 0 [Flags] 2 [Guid] 987244209 [EditorId] 987244209 [Version] 1048832 [Id] WindowsEditor(7,DESKTOP-GVGUE6U) [Debug] 1 [PackageName] WindowsEditor [ProjectName] Editor" joined multi-casting on [225.0.0.222:54997]...

Player connection [28472] Host "[IP] 192.168.1.42 [Port] 0 [Flags] 2 [Guid] 987244209 [EditorId] 987244209 [Version] 1048832 [Id] WindowsEditor(7,DESKTOP-GVGUE6U) [Debug] 1 [PackageName] WindowsEditor [ProjectName] Editor" joined alternative multi-casting on [225.0.0.222:34997]...

[Physics::Module] Initialized MultithreadedJobDispatcher with 7 workers.
Refreshing native plugins compatible for Editor in 6.83 ms, found 3 plugins.
Preloading 0 native plugins for Editor in 0.00 ms.
Initialize engine version: 2022.3.22f1 (887be4894c44)
[Subsystems] Discovering subsystems at path D:/Unity hub editor/2022.3.22f1/Editor/Data/Resources/UnitySubsystems
[Subsystems] Discovering subsystems at path D:/Beta/beta/Assets
GfxDevice: creating device client; threaded=0; jobified=0
Direct3D:
    Version:  Direct3D 11.0 [level 11.1]
    Renderer: NVIDIA GeForce GTX 1050 Ti (ID=0x1c82)
    Vendor:   NVIDIA
    VRAM:     4017 MB
    Driver:   31.0.15.3623
Initialize mono
Mono path[0] = 'D:/Unity hub editor/2022.3.22f1/Editor/Data/Managed'
Mono path[1] = 'D:/Unity hub editor/2022.3.22f1/Editor/Data/MonoBleedingEdge/lib/mono/unityjit-win32'
Mono config path = 'D:/Unity hub editor/2022.3.22f1/Editor/Data/MonoBleedingEdge/etc'
Using monoOptions --debugger-agent=transport=dt_socket,embedding=1,server=y,suspend=n,address=127.0.0.1:56236
Begin MonoManager ReloadAssembly
Registering precompiled unity dll's ...
Register platform support module: D:/Unity hub editor/2022.3.22f1/Editor/Data/PlaybackEngines/WebGLSupport/UnityEditor.WebGL.Extensions.dll
Register platform support module: D:/Unity hub editor/2022.3.22f1/Editor/Data/PlaybackEngines/AndroidPlayer/UnityEditor.Android.Extensions.dll
Register platform support module: D:/Unity hub editor/2022.3.22f1/Editor/Data/PlaybackEngines/WindowsStandaloneSupport/UnityEditor.WindowsStandalone.Extensions.dll
Registered in 0.005888 seconds.
- Loaded All Assemblies, in  0.354 seconds
Native extension for WindowsStandalone target not found
Native extension for Android target not found
Android Extension - Scanning For ADB Devices 275 ms
Native extension for WebGL target not found
Mono: successfully reloaded assembly
- Finished resetting the current domain, in  0.635 seconds
Domain Reload Profiling: 989ms
	BeginReloadAssembly (101ms)
		ExecutionOrderSort (0ms)
		DisableScriptedObjects (0ms)
		BackupInstance (0ms)
		ReleaseScriptingObjects (0ms)
		CreateAndSetChildDomain (1ms)
	RebuildCommonClasses (33ms)
	RebuildNativeTypeToScriptingClass (11ms)
	initialDomainReloadingComplete (51ms)
	LoadAllAssembliesAndSetupDomain (158ms)
		LoadAssemblies (101ms)
		RebuildTransferFunctionScriptingTraits (0ms)
		AnalyzeDomain (156ms)
			TypeCache.Refresh (155ms)
				TypeCache.ScanAssembly (141ms)
			ScanForSourceGeneratedMonoScriptInfo (0ms)
			ResolveRequiredComponents (0ms)
	FinalizeReload (635ms)
		ReleaseScriptCaches (0ms)
		RebuildScriptCaches (0ms)
		SetupLoadedEditorAssemblies (575ms)
			LogAssemblyErrors (0ms)
			InitializePlatformSupportModulesInManaged (383ms)
			SetLoadedEditorAssemblies (6ms)
			RefreshPlugins (0ms)
			BeforeProcessingInitializeOnLoad (3ms)
			ProcessInitializeOnLoadAttributes (134ms)
			ProcessInitializeOnLoadMethodAttributes (48ms)
			AfterProcessingInitializeOnLoad (0ms)
			EditorAssembliesLoaded (0ms)
		ExecutionOrderSort2 (0ms)
		AwakeInstancesAfterBackupRestoration (0ms)
========================================================================
Worker process is ready to serve import requests
Begin MonoManager ReloadAssembly
- Loaded All Assemblies, in  0.612 seconds
Refreshing native plugins compatible for Editor in 1.58 ms, found 3 plugins.
Native extension for WindowsStandalone target not found
Native extension for Android target not found
Native extension for WebGL target not found
Package Manager log level set to [2]
[Package Manager] Server::EnsureServerProcessIsRunning -- launch failed, reason: Unity was launched with the -noUpm command-line argument
[Package Manager] UpmClient::Send -- Unable to send message (not connected to UPM process).
[Package Manager] Cannot connect to Unity Package Manager local server
Mono: successfully reloaded assembly
- Finished resetting the current domain, in  0.592 seconds
Domain Reload Profiling: 1204ms
	BeginReloadAssembly (143ms)
		ExecutionOrderSort (0ms)
		DisableScriptedObjects (6ms)
		BackupInstance (0ms)
		ReleaseScriptingObjects (0ms)
		CreateAndSetChildDomain (22ms)
	RebuildCommonClasses (33ms)
	RebuildNativeTypeToScriptingClass (11ms)
	initialDomainReloadingComplete (43ms)
	LoadAllAssembliesAndSetupDomain (380ms)
		LoadAssemblies (259ms)
		RebuildTransferFunctionScriptingTraits (0ms)
		AnalyzeDomain (205ms)
			TypeCache.Refresh (180ms)
				TypeCache.ScanAssembly (160ms)
			ScanForSourceGeneratedMonoScriptInfo (17ms)
			ResolveRequiredComponents (7ms)
	FinalizeReload (593ms)
		ReleaseScriptCaches (0ms)
		RebuildScriptCaches (0ms)
		SetupLoadedEditorAssemblies (437ms)
			LogAssemblyErrors (0ms)
			InitializePlatformSupportModulesInManaged (26ms)
			SetLoadedEditorAssemblies (3ms)
			RefreshPlugins (0ms)
			BeforeProcessingInitializeOnLoad (49ms)
			ProcessInitializeOnLoadAttributes (332ms)
			ProcessInitializeOnLoadMethodAttributes (24ms)
			AfterProcessingInitializeOnLoad (2ms)
			EditorAssembliesLoaded (0ms)
		ExecutionOrderSort2 (0ms)
		AwakeInstancesAfterBackupRestoration (7ms)
Launched and connected shader compiler UnityShaderCompiler.exe after 0.04 seconds
Refreshing native plugins compatible for Editor in 1.79 ms, found 3 plugins.
Preloading 0 native plugins for Editor in 0.00 ms.
Unloading 3206 Unused Serialized files (Serialized files now loaded: 0)
Unloading 35 unused Assets / (57.4 KB). Loaded Objects now: 3689.
Memory consumption went from 138.4 MB to 138.3 MB.
Total: 2.791300 ms (FindLiveObjects: 0.243700 ms CreateObjectMapping: 0.224700 ms MarkObjects: 2.211200 ms  DeleteObjects: 0.110800 ms)

AssetImportParameters requested are different than current active one (requested -> active):
  custom:container-demuxer-ogg: 62fdf1f143b41e24485cea50d1cbac27 -> 
  custom:video-decoder-ogg-theora: a1e56fd34408186e4bbccfd4996cb3dc -> 
  custom:framework-win-MediaFoundation: 216162199b28c13a410421893ffa2e32 -> 
  custom:CustomObjectIndexerAttribute: 9a22284fe3817be447336de3de66b15e -> 
  custom:container-demuxer-webm: 4f35f7cbe854078d1ac9338744f61a02 -> 
  custom:container-muxer-webm: aa71ff27fc2769a1b78a27578f13a17b -> 
  custom:video-decoder-webm-vp8: 9c59270c3fd7afecdb556c50c9e8de78 -> 
  custom:SearchIndexIgnoredProperties: e643bd26f0fe6173181afceb89e7c659 -> 
  custom:AudioImporter_EditorPlatform: d09bf68614088b80899f8185d706f6e7 -> 
  custom:video-encoder-webm-vp8: eb34c28f22e8b96e1ab97ce403110664 -> 
  custom:audio-decoder-ogg-vorbis: bf7c407c2cedff20999df2af8eb42d56 -> 
  custom:audio-encoder-webm-vorbis: bf7c407c2cedff20999df2af8eb42d56 -> 
========================================================================
Received Import Request.
  Time since last request: 2439837.669385 seconds.
  path: Assets/texture/sf/Materials/arms_color_psd_fc18adda 1.mat
  artifactKey: Guid(fad73f155e194484bbbfffd38358bde6) Importer(815301076,1909f56bfc062723c751e8b465ee728b)
Start importing Assets/texture/sf/Materials/arms_color_psd_fc18adda 1.mat using Guid(fad73f155e194484bbbfffd38358bde6) Importer(815301076,1909f56bfc062723c751e8b465ee728b)  -> (artifact id: 'b13ce4fe414782c55469c7f908e3f863') in 0.108832 seconds
Number of updated asset objects reloaded before import = 0
Number of asset objects unloaded after import = 2
========================================================================
Received Import Request.
  Time since last request: 0.000022 seconds.
  path: Assets/texture/sf/Materials/shoulders_color_psd_cc618895 1.mat
  artifactKey: Guid(fdc5121bb1ceacd4dada93a4629b241d) Importer(815301076,1909f56bfc062723c751e8b465ee728b)
Start importing Assets/texture/sf/Materials/shoulders_color_psd_cc618895 1.mat using Guid(fdc5121bb1ceacd4dada93a4629b241d) Importer(815301076,1909f56bfc062723c751e8b465ee728b)  -> (artifact id: '0035833e950dac659b72c1ded2ce11fe') in 0.026458 seconds
Number of updated asset objects reloaded before import = 0
Number of asset objects unloaded after import = 2
========================================================================
Received Import Request.
  Time since last request: 10.615577 seconds.
  path: Assets/texture/sf/arms_color_psd_fc18adda 1.png
  artifactKey: Guid(97fa84a935b91d2439443c3a45aac540) Importer(815301076,1909f56bfc062723c751e8b465ee728b)
Start importing Assets/texture/sf/arms_color_psd_fc18adda 1.png using Guid(97fa84a935b91d2439443c3a45aac540) Importer(815301076,1909f56bfc062723c751e8b465ee728b)  -> (artifact id: '5dcbe8c412c2ad0a0cc5856f0d762699') in 0.020559 seconds
Number of updated asset objects reloaded before import = 0
Number of asset objects unloaded after import = 2
========================================================================
Received Import Request.
  Time since last request: 4.719638 seconds.
  path: Assets/texture/sf/head_arcana_color_psd_f55c4a7c 1.png
  artifactKey: Guid(77a6db46e9ba15c4e9644c10fac122bf) Importer(815301076,1909f56bfc062723c751e8b465ee728b)
Start importing Assets/texture/sf/head_arcana_color_psd_f55c4a7c 1.png using Guid(77a6db46e9ba15c4e9644c10fac122bf) Importer(815301076,1909f56bfc062723c751e8b465ee728b)  -> (artifact id: '616b18a446d434b3981e6c44a268aff5') in 0.015203 seconds
Number of updated asset objects reloaded before import = 0
Number of asset objects unloaded after import = 2
========================================================================
Received Import Request.
  Time since last request: 3.726472 seconds.
  path: Assets/texture/sf/shadow_fiend_arcana_color_psd_6d1a0a70 1.png
  artifactKey: Guid(b878cef0027f58a40b6cd8d1d7849b7c) Importer(815301076,1909f56bfc062723c751e8b465ee728b)
Start importing Assets/texture/sf/shadow_fiend_arcana_color_psd_6d1a0a70 1.png using Guid(b878cef0027f58a40b6cd8d1d7849b7c) Importer(815301076,1909f56bfc062723c751e8b465ee728b)  -> (artifact id: '589dd44608a3b5ef785c0f1d6d792866') in 0.016998 seconds
Number of updated asset objects reloaded before import = 0
Number of asset objects unloaded after import = 2
========================================================================
Received Import Request.
  Time since last request: 0.015326 seconds.
  path: Assets/texture/sf/shoulders_color_psd_cc618895 1.png
  artifactKey: Guid(aa6714e6d939f394e98e5d682fe27cbe) Importer(815301076,1909f56bfc062723c751e8b465ee728b)
Start importing Assets/texture/sf/shoulders_color_psd_cc618895 1.png using Guid(aa6714e6d939f394e98e5d682fe27cbe) Importer(815301076,1909f56bfc062723c751e8b465ee728b)  -> (artifact id: '0407f82fcacba2838176e219e36182b2') in 0.015681 seconds
Number of updated asset objects reloaded before import = 0
Number of asset objects unloaded after import = 2
========================================================================
Received Import Request.
  Time since last request: 1.627347 seconds.
  path: Assets/texture/sf/Materials/arms_color_psd_fc18adda 1.mat
  artifactKey: Guid(fad73f155e194484bbbfffd38358bde6) Importer(815301076,1909f56bfc062723c751e8b465ee728b)
Start importing Assets/texture/sf/Materials/arms_color_psd_fc18adda 1.mat using Guid(fad73f155e194484bbbfffd38358bde6) Importer(815301076,1909f56bfc062723c751e8b465ee728b)  -> (artifact id: 'f67f07669637441c2d7abb8795a6e680') in 0.014926 seconds
Number of updated asset objects reloaded before import = 0
Number of asset objects unloaded after import = 2
========================================================================
Received Import Request.
  Time since last request: 0.000015 seconds.
  path: Assets/texture/sf/Materials/shoulders_color_psd_cc618895 1.mat
  artifactKey: Guid(fdc5121bb1ceacd4dada93a4629b241d) Importer(815301076,1909f56bfc062723c751e8b465ee728b)
Start importing Assets/texture/sf/Materials/shoulders_color_psd_cc618895 1.mat using Guid(fdc5121bb1ceacd4dada93a4629b241d) Importer(815301076,1909f56bfc062723c751e8b465ee728b)  -> (artifact id: 'deb30c9850364191df81d68787a18e90') in 0.011215 seconds
Number of updated asset objects reloaded before import = 0
Number of asset objects unloaded after import = 2
========================================================================
Received Import Request.
  Time since last request: 30.978516 seconds.
  path: Assets/texture/rune_goldxp_color_psd_79fc5e4d.png
  artifactKey: Guid(9e170f372bfc12143b9d89c490f6f068) Importer(815301076,1909f56bfc062723c751e8b465ee728b)
Start importing Assets/texture/rune_goldxp_color_psd_79fc5e4d.png using Guid(9e170f372bfc12143b9d89c490f6f068) Importer(815301076,1909f56bfc062723c751e8b465ee728b)  -> (artifact id: '2e269282d11bf321c72dbb39e44c87c2') in 0.011625 seconds
Number of updated asset objects reloaded before import = 0
Number of asset objects unloaded after import = 2
========================================================================
Received Import Request.
  Time since last request: 7.922694 seconds.
  path: Assets/texture/Sleepers.png
  artifactKey: Guid(f85736aa3ee65944fbbee099c127d600) Importer(815301076,1909f56bfc062723c751e8b465ee728b)
Start importing Assets/texture/Sleepers.png using Guid(f85736aa3ee65944fbbee099c127d600) Importer(815301076,1909f56bfc062723c751e8b465ee728b)  -> (artifact id: '82b3585fe92b1ef725298050ee7e317a') in 0.008711 seconds
Number of updated asset objects reloaded before import = 0
Number of asset objects unloaded after import = 2
========================================================================
Received Import Request.
  Time since last request: 4.849316 seconds.
  path: Assets/texture/Sleepers.png
  artifactKey: Guid(f85736aa3ee65944fbbee099c127d600) Importer(815301076,1909f56bfc062723c751e8b465ee728b)
Start importing Assets/texture/Sleepers.png using Guid(f85736aa3ee65944fbbee099c127d600) Importer(815301076,1909f56bfc062723c751e8b465ee728b)  -> (artifact id: '285a197368e219c5449c9191cbdf8148') in 0.011275 seconds
Number of updated asset objects reloaded before import = 0
Number of asset objects unloaded after import = 2
========================================================================
Received Import Request.
  Time since last request: 22.883490 seconds.
  path: Assets/texture/road/cliff_wall_05_color_psd_fed007fa.png
  artifactKey: Guid(3a810e5933318db4caf2add3312835ba) Importer(815301076,1909f56bfc062723c751e8b465ee728b)
Start importing Assets/texture/road/cliff_wall_05_color_psd_fed007fa.png using Guid(3a810e5933318db4caf2add3312835ba) Importer(815301076,1909f56bfc062723c751e8b465ee728b)  -> (artifact id: '24b963e92752a15aa321b4d508ef0c1e') in 0.060722 seconds
Number of updated asset objects reloaded before import = 0
Number of asset objects unloaded after import = 2
========================================================================
Received Import Request.
  Time since last request: 0.000015 seconds.
  path: Assets/texture/road/tree_pine_frond_00_color_psd_cad45fc8.png
  artifactKey: Guid(ab938d8eb9466e2459333d56726838c2) Importer(815301076,1909f56bfc062723c751e8b465ee728b)
Start importing Assets/texture/road/tree_pine_frond_00_color_psd_cad45fc8.png using Guid(ab938d8eb9466e2459333d56726838c2) Importer(815301076,1909f56bfc062723c751e8b465ee728b)  -> (artifact id: '6ae3caa38fb7d7cfead7b5d066588a2c') in 0.028380 seconds
Number of updated asset objects reloaded before import = 0
Number of asset objects unloaded after import = 2
========================================================================
Received Import Request.
  Time since last request: 0.000035 seconds.
  path: Assets/texture/road/dire_tree007c_color_psd_38752190.png
  artifactKey: Guid(bc36780f2dc83644fbe6494a2c0923d7) Importer(815301076,1909f56bfc062723c751e8b465ee728b)
Start importing Assets/texture/road/dire_tree007c_color_psd_38752190.png using Guid(bc36780f2dc83644fbe6494a2c0923d7) Importer(815301076,1909f56bfc062723c751e8b465ee728b)  -> (artifact id: '73ad118c1ccdb0398fc4960aff12b261') in 0.023295 seconds
Number of updated asset objects reloaded before import = 0
Number of asset objects unloaded after import = 2
========================================================================
Received Import Request.
  Time since last request: 0.000027 seconds.
  path: Assets/texture/road/mango_tree_color_psd_4f0b355e.png
  artifactKey: Guid(ae242aed6ba461149be68d798eb7abb5) Importer(815301076,1909f56bfc062723c751e8b465ee728b)
Start importing Assets/texture/road/mango_tree_color_psd_4f0b355e.png using Guid(ae242aed6ba461149be68d798eb7abb5) Importer(815301076,1909f56bfc062723c751e8b465ee728b)  -> (artifact id: 'a77f80b6f0b73d9a80debbeed2dfab94') in 0.022945 seconds
Number of updated asset objects reloaded before import = 0
Number of asset objects unloaded after import = 2
========================================================================
Received Import Request.
  Time since last request: 22.517957 seconds.
  path: Assets/texture/road/Materials/cliff_wall_05_color_psd_fed007fa.mat
  artifactKey: Guid(0627ae180187c5243a6719cb2522e12b) Importer(815301076,1909f56bfc062723c751e8b465ee728b)
Start importing Assets/texture/road/Materials/cliff_wall_05_color_psd_fed007fa.mat using Guid(0627ae180187c5243a6719cb2522e12b) Importer(815301076,1909f56bfc062723c751e8b465ee728b)  -> (artifact id: '8a5d0cb0409662a50d59ae0da11177bc') in 0.037092 seconds
Number of updated asset objects reloaded before import = 0
Number of asset objects unloaded after import = 2
========================================================================
Received Import Request.
  Time since last request: 0.000018 seconds.
  path: Assets/texture/road/Materials/tree_oak_leaves_00_color_psd_c6c1c88b.mat
  artifactKey: Guid(2a9cbbc7c31322d438c2c900cb67926d) Importer(815301076,1909f56bfc062723c751e8b465ee728b)
Start importing Assets/texture/road/Materials/tree_oak_leaves_00_color_psd_c6c1c88b.mat using Guid(2a9cbbc7c31322d438c2c900cb67926d) Importer(815301076,1909f56bfc062723c751e8b465ee728b)  -> (artifact id: 'd92d7344664f24116fab9b78c5490e06') in 0.027308 seconds
Number of updated asset objects reloaded before import = 0
Number of asset objects unloaded after import = 2
Editor requested this worker to shutdown with reason: Scaling down because of idle timeout
TcpMessagingSession - receive error: operation aborted. errorcode: 995, details: ќпераци€ ввода/вывода была прервана из-за завершени€ потока команд или по запросу приложени€.
AssetImportWorker is now disconnected from the server
Process exiting
Exiting without the bug reporter. Application will terminate with return code 0