Using pre-set license
Built from '2022.3/staging' branch; Version is '2022.3.22f1 (887be4894c44) revision 8944612'; Using compiler version '192829333'; Build Type 'Release'
OS: 'Windows 10  (10.0.19045) 64bit Professional' Language: 'ru' Physical Memory: 16334 MB
BatchMode: 1, IsHumanControllingUs: 0, StartBugReporterOnCrash: 0, Is64bit: 1, IsPro: 1

COMMAND LINE ARGUMENTS:
C:\Program Files\Unity\Hub\Editor\2022.3.22f1\Editor\Unity.exe
-adb2
-batchMode
-noUpm
-name
AssetImportWorker1
-projectPath
E:/Beta/beta
-logFile
Logs/AssetImportWorker1.log
-srvPort
49615
Successfully changed project path to: E:/Beta/beta
E:/Beta/beta
[UnityMemory] Configuration Parameters - Can be set up in boot.config
    "memorysetup-bucket-allocator-granularity=16"
    "memorysetup-bucket-allocator-bucket-count=8"
    "memorysetup-bucket-allocator-block-size=33554432"
    "memorysetup-bucket-allocator-block-count=8"
    "memorysetup-main-allocator-block-size=16777216"
    "memorysetup-thread-allocator-block-size=16777216"
    "memorysetup-gfx-main-allocator-block-size=16777216"
    "memorysetup-gfx-thread-allocator-block-size=16777216"
    "memorysetup-cache-allocator-block-size=4194304"
    "memorysetup-typetree-allocator-block-size=2097152"
    "memorysetup-profiler-bucket-allocator-granularity=16"
    "memorysetup-profiler-bucket-allocator-bucket-count=8"
    "memorysetup-profiler-bucket-allocator-block-size=33554432"
    "memorysetup-profiler-bucket-allocator-block-count=8"
    "memorysetup-profiler-allocator-block-size=16777216"
    "memorysetup-profiler-editor-allocator-block-size=1048576"
    "memorysetup-temp-allocator-size-main=16777216"
    "memorysetup-job-temp-allocator-block-size=2097152"
    "memorysetup-job-temp-allocator-block-size-background=1048576"
    "memorysetup-job-temp-allocator-reduction-small-platforms=262144"
    "memorysetup-allocator-temp-initial-block-size-main=262144"
    "memorysetup-allocator-temp-initial-block-size-worker=262144"
    "memorysetup-temp-allocator-size-background-worker=32768"
    "memorysetup-temp-allocator-size-job-worker=262144"
    "memorysetup-temp-allocator-size-preload-manager=33554432"
    "memorysetup-temp-allocator-size-nav-mesh-worker=65536"
    "memorysetup-temp-allocator-size-audio-worker=65536"
    "memorysetup-temp-allocator-size-cloud-worker=32768"
    "memorysetup-temp-allocator-size-gi-baking-worker=262144"
    "memorysetup-temp-allocator-size-gfx=262144"
Player connection [7428] Host "[IP] 192.168.31.161 [Port] 0 [Flags] 2 [Guid] 2567235629 [EditorId] 2567235629 [Version] 1048832 [Id] WindowsEditor(7,DESKTOP-JMQILU2) [Debug] 1 [PackageName] WindowsEditor [ProjectName] Editor" joined multi-casting on [225.0.0.222:54997]...

Player connection [7428] Host "[IP] 192.168.31.161 [Port] 0 [Flags] 2 [Guid] 2567235629 [EditorId] 2567235629 [Version] 1048832 [Id] WindowsEditor(7,DESKTOP-JMQILU2) [Debug] 1 [PackageName] WindowsEditor [ProjectName] Editor" joined alternative multi-casting on [225.0.0.222:34997]...

[Physics::Module] Initialized MultithreadedJobDispatcher with 15 workers.
Refreshing native plugins compatible for Editor in 7.73 ms, found 3 plugins.
Preloading 0 native plugins for Editor in 0.00 ms.
Initialize engine version: 2022.3.22f1 (887be4894c44)
[Subsystems] Discovering subsystems at path C:/Program Files/Unity/Hub/Editor/2022.3.22f1/Editor/Data/Resources/UnitySubsystems
[Subsystems] Discovering subsystems at path E:/Beta/beta/Assets
GfxDevice: creating device client; threaded=0; jobified=0
Direct3D:
    Version:  Direct3D 11.0 [level 11.1]
    Renderer: NVIDIA GeForce GTX 1080 Ti (ID=0x1b06)
    Vendor:   NVIDIA
    VRAM:     11120 MB
    Driver:   31.0.15.4633
Initialize mono
Mono path[0] = 'C:/Program Files/Unity/Hub/Editor/2022.3.22f1/Editor/Data/Managed'
Mono path[1] = 'C:/Program Files/Unity/Hub/Editor/2022.3.22f1/Editor/Data/MonoBleedingEdge/lib/mono/unityjit-win32'
Mono config path = 'C:/Program Files/Unity/Hub/Editor/2022.3.22f1/Editor/Data/MonoBleedingEdge/etc'
Using monoOptions --debugger-agent=transport=dt_socket,embedding=1,server=y,suspend=n,address=127.0.0.1:56840
Begin MonoManager ReloadAssembly
Registering precompiled unity dll's ...
Register platform support module: C:/Program Files/Unity/Hub/Editor/2022.3.22f1/Editor/Data/PlaybackEngines/WebGLSupport/UnityEditor.WebGL.Extensions.dll
Register platform support module: C:/Program Files/Unity/Hub/Editor/2022.3.22f1/Editor/Data/PlaybackEngines/AndroidPlayer/UnityEditor.Android.Extensions.dll
Register platform support module: C:/Program Files/Unity/Hub/Editor/2022.3.22f1/Editor/Data/PlaybackEngines/WindowsStandaloneSupport/UnityEditor.WindowsStandalone.Extensions.dll
Registered in 0.022105 seconds.
- Loaded All Assemblies, in  0.546 seconds
Native extension for WindowsStandalone target not found
Native extension for Android target not found
Android Extension - Scanning For ADB Devices 308 ms
Native extension for WebGL target not found
Mono: successfully reloaded assembly
- Finished resetting the current domain, in  0.778 seconds
Domain Reload Profiling: 1321ms
	BeginReloadAssembly (163ms)
		ExecutionOrderSort (0ms)
		DisableScriptedObjects (0ms)
		BackupInstance (0ms)
		ReleaseScriptingObjects (0ms)
		CreateAndSetChildDomain (1ms)
	RebuildCommonClasses (51ms)
	RebuildNativeTypeToScriptingClass (16ms)
	initialDomainReloadingComplete (99ms)
	LoadAllAssembliesAndSetupDomain (212ms)
		LoadAssemblies (160ms)
		RebuildTransferFunctionScriptingTraits (0ms)
		AnalyzeDomain (208ms)
			TypeCache.Refresh (206ms)
				TypeCache.ScanAssembly (190ms)
			ScanForSourceGeneratedMonoScriptInfo (0ms)
			ResolveRequiredComponents (1ms)
	FinalizeReload (779ms)
		ReleaseScriptCaches (0ms)
		RebuildScriptCaches (0ms)
		SetupLoadedEditorAssemblies (695ms)
			LogAssemblyErrors (0ms)
			InitializePlatformSupportModulesInManaged (463ms)
			SetLoadedEditorAssemblies (5ms)
			RefreshPlugins (0ms)
			BeforeProcessingInitializeOnLoad (3ms)
			ProcessInitializeOnLoadAttributes (161ms)
			ProcessInitializeOnLoadMethodAttributes (62ms)
			AfterProcessingInitializeOnLoad (0ms)
			EditorAssembliesLoaded (0ms)
		ExecutionOrderSort2 (0ms)
		AwakeInstancesAfterBackupRestoration (0ms)
========================================================================
Worker process is ready to serve import requests
Begin MonoManager ReloadAssembly
- Loaded All Assemblies, in  0.876 seconds
Refreshing native plugins compatible for Editor in 2.60 ms, found 3 plugins.
Native extension for WindowsStandalone target not found
Native extension for Android target not found
Native extension for WebGL target not found
Package Manager log level set to [2]
[Package Manager] Server::EnsureServerProcessIsRunning -- launch failed, reason: Unity was launched with the -noUpm command-line argument
[Package Manager] UpmClient::Send -- Unable to send message (not connected to UPM process).
[Package Manager] Cannot connect to Unity Package Manager local server
Mono: successfully reloaded assembly
- Finished resetting the current domain, in  0.814 seconds
Domain Reload Profiling: 1685ms
	BeginReloadAssembly (204ms)
		ExecutionOrderSort (0ms)
		DisableScriptedObjects (8ms)
		BackupInstance (0ms)
		ReleaseScriptingObjects (0ms)
		CreateAndSetChildDomain (26ms)
	RebuildCommonClasses (49ms)
	RebuildNativeTypeToScriptingClass (15ms)
	initialDomainReloadingComplete (62ms)
	LoadAllAssembliesAndSetupDomain (539ms)
		LoadAssemblies (397ms)
		RebuildTransferFunctionScriptingTraits (0ms)
		AnalyzeDomain (264ms)
			TypeCache.Refresh (234ms)
				TypeCache.ScanAssembly (214ms)
			ScanForSourceGeneratedMonoScriptInfo (20ms)
			ResolveRequiredComponents (8ms)
	FinalizeReload (815ms)
		ReleaseScriptCaches (0ms)
		RebuildScriptCaches (0ms)
		SetupLoadedEditorAssemblies (595ms)
			LogAssemblyErrors (0ms)
			InitializePlatformSupportModulesInManaged (41ms)
			SetLoadedEditorAssemblies (4ms)
			RefreshPlugins (0ms)
			BeforeProcessingInitializeOnLoad (86ms)
			ProcessInitializeOnLoadAttributes (414ms)
			ProcessInitializeOnLoadMethodAttributes (33ms)
			AfterProcessingInitializeOnLoad (16ms)
			EditorAssembliesLoaded (0ms)
		ExecutionOrderSort2 (0ms)
		AwakeInstancesAfterBackupRestoration (8ms)
Launched and connected shader compiler UnityShaderCompiler.exe after 0.07 seconds
Refreshing native plugins compatible for Editor in 2.64 ms, found 3 plugins.
Preloading 0 native plugins for Editor in 0.00 ms.
Unloading 3193 Unused Serialized files (Serialized files now loaded: 0)
Unloading 35 unused Assets / (57.7 KB). Loaded Objects now: 3676.
Memory consumption went from 138.1 MB to 138.0 MB.
Total: 3.652900 ms (FindLiveObjects: 0.328700 ms CreateObjectMapping: 0.101100 ms MarkObjects: 3.087600 ms  DeleteObjects: 0.134300 ms)

AssetImportParameters requested are different than current active one (requested -> active):
  custom:container-demuxer-ogg: 62fdf1f143b41e24485cea50d1cbac27 -> 
  custom:video-decoder-ogg-theora: a1e56fd34408186e4bbccfd4996cb3dc -> 
  custom:framework-win-MediaFoundation: 216162199b28c13a410421893ffa2e32 -> 
  custom:CustomObjectIndexerAttribute: 9a22284fe3817be447336de3de66b15e -> 
  custom:container-demuxer-webm: 4f35f7cbe854078d1ac9338744f61a02 -> 
  custom:container-muxer-webm: aa71ff27fc2769a1b78a27578f13a17b -> 
  custom:video-decoder-webm-vp8: 9c59270c3fd7afecdb556c50c9e8de78 -> 
  custom:SearchIndexIgnoredProperties: e643bd26f0fe6173181afceb89e7c659 -> 
  custom:AudioImporter_EditorPlatform: d09bf68614088b80899f8185d706f6e7 -> 
  custom:video-encoder-webm-vp8: eb34c28f22e8b96e1ab97ce403110664 -> 
  custom:audio-decoder-ogg-vorbis: bf7c407c2cedff20999df2af8eb42d56 -> 
  custom:audio-encoder-webm-vorbis: bf7c407c2cedff20999df2af8eb42d56 -> 
========================================================================
Received Prepare
Begin MonoManager ReloadAssembly
- Loaded All Assemblies, in  0.573 seconds
Refreshing native plugins compatible for Editor in 2.71 ms, found 3 plugins.
Native extension for WindowsStandalone target not found
Native extension for Android target not found
Native extension for WebGL target not found
[Package Manager] Server::EnsureServerProcessIsRunning -- launch failed, reason: Unity was launched with the -noUpm command-line argument
[Package Manager] UpmClient::Send -- Unable to send message (not connected to UPM process).
[Package Manager] Cannot connect to Unity Package Manager local server
Mono: successfully reloaded assembly
- Finished resetting the current domain, in  1.133 seconds
Domain Reload Profiling: 1702ms
	BeginReloadAssembly (204ms)
		ExecutionOrderSort (0ms)
		DisableScriptedObjects (8ms)
		BackupInstance (0ms)
		ReleaseScriptingObjects (0ms)
		CreateAndSetChildDomain (37ms)
	RebuildCommonClasses (48ms)
	RebuildNativeTypeToScriptingClass (16ms)
	initialDomainReloadingComplete (44ms)
	LoadAllAssembliesAndSetupDomain (256ms)
		LoadAssemblies (361ms)
		RebuildTransferFunctionScriptingTraits (0ms)
		AnalyzeDomain (16ms)
			TypeCache.Refresh (6ms)
				TypeCache.ScanAssembly (0ms)
			ScanForSourceGeneratedMonoScriptInfo (0ms)
			ResolveRequiredComponents (9ms)
	FinalizeReload (1134ms)
		ReleaseScriptCaches (0ms)
		RebuildScriptCaches (0ms)
		SetupLoadedEditorAssemblies (569ms)
			LogAssemblyErrors (0ms)
			InitializePlatformSupportModulesInManaged (43ms)
			SetLoadedEditorAssemblies (4ms)
			RefreshPlugins (0ms)
			BeforeProcessingInitializeOnLoad (85ms)
			ProcessInitializeOnLoadAttributes (387ms)
			ProcessInitializeOnLoadMethodAttributes (34ms)
			AfterProcessingInitializeOnLoad (16ms)
			EditorAssembliesLoaded (0ms)
		ExecutionOrderSort2 (0ms)
		AwakeInstancesAfterBackupRestoration (9ms)
Refreshing native plugins compatible for Editor in 2.77 ms, found 3 plugins.
Preloading 0 native plugins for Editor in 0.00 ms.
Unloading 3172 Unused Serialized files (Serialized files now loaded: 0)
Unloading 26 unused Assets / (31.1 KB). Loaded Objects now: 3679.
Memory consumption went from 135.1 MB to 135.1 MB.
Total: 3.435400 ms (FindLiveObjects: 0.325100 ms CreateObjectMapping: 0.101800 ms MarkObjects: 2.949200 ms  DeleteObjects: 0.058100 ms)

Prepare: number of updated asset objects reloaded= 0
AssetImportParameters requested are different than current active one (requested -> active):
  custom:container-demuxer-ogg: 62fdf1f143b41e24485cea50d1cbac27 -> 
  custom:video-decoder-ogg-theora: a1e56fd34408186e4bbccfd4996cb3dc -> 
  custom:framework-win-MediaFoundation: 216162199b28c13a410421893ffa2e32 -> 
  custom:CustomObjectIndexerAttribute: 9a22284fe3817be447336de3de66b15e -> 
  custom:container-demuxer-webm: 4f35f7cbe854078d1ac9338744f61a02 -> 
  custom:container-muxer-webm: aa71ff27fc2769a1b78a27578f13a17b -> 
  custom:video-decoder-webm-vp8: 9c59270c3fd7afecdb556c50c9e8de78 -> 
  custom:SearchIndexIgnoredProperties: e643bd26f0fe6173181afceb89e7c659 -> 
  custom:AudioImporter_EditorPlatform: d09bf68614088b80899f8185d706f6e7 -> 
  custom:video-encoder-webm-vp8: eb34c28f22e8b96e1ab97ce403110664 -> 
  custom:audio-decoder-ogg-vorbis: bf7c407c2cedff20999df2af8eb42d56 -> 
  custom:audio-encoder-webm-vorbis: bf7c407c2cedff20999df2af8eb42d56 -> 
========================================================================
Received Import Request.
  Time since last request: 265910.551314 seconds.
  path: Assets/Sounds/Kraken - Р РµyhhРєР»Р°РјР°.mp3
  artifactKey: Guid(d28d1e1363d878a42a82f74e5599a4ea) Importer(815301076,1909f56bfc062723c751e8b465ee728b)
Start importing Assets/Sounds/Kraken - Р РµyhhРєР»Р°РјР°.mp3 using Guid(d28d1e1363d878a42a82f74e5599a4ea) Importer(815301076,1909f56bfc062723c751e8b465ee728b)  -> (artifact id: 'a029ca69f24b873deebe72c449c32306') in 0.100790 seconds
Number of updated asset objects reloaded before import = 0
Number of asset objects unloaded after import = 2
========================================================================
Received Import Request.
  Time since last request: 0.000026 seconds.
  path: Assets/Sounds/match_ready.mp3
  artifactKey: Guid(ac6c02658f84e3c47ac05abd85fe7083) Importer(815301076,1909f56bfc062723c751e8b465ee728b)
Start importing Assets/Sounds/match_ready.mp3 using Guid(ac6c02658f84e3c47ac05abd85fe7083) Importer(815301076,1909f56bfc062723c751e8b465ee728b)  -> (artifact id: '64669ebffd511467eee0217e95bf55d1') in 0.028887 seconds
Number of updated asset objects reloaded before import = 0
Number of asset objects unloaded after import = 2
========================================================================
Received Import Request.
  Time since last request: 0.670253 seconds.
  path: Assets/Prefabs/car_3.prefab
  artifactKey: Guid(99820d101aa5e3e42a7425188a28b42b) Importer(815301076,1909f56bfc062723c751e8b465ee728b)
Start importing Assets/Prefabs/car_3.prefab using Guid(99820d101aa5e3e42a7425188a28b42b) Importer(815301076,1909f56bfc062723c751e8b465ee728b)  -> (artifact id: '8009ea7403b8264d2825e345685a68c6') in 0.111593 seconds
Number of updated asset objects reloaded before import = 0
Number of asset objects unloaded after import = 83
========================================================================
Received Import Request.
  Time since last request: 0.000019 seconds.
  path: Assets/Prefabs/Van Car 1 1.prefab
  artifactKey: Guid(f64877aba84e24e4ea2dfab230fa957b) Importer(815301076,1909f56bfc062723c751e8b465ee728b)
Start importing Assets/Prefabs/Van Car 1 1.prefab using Guid(f64877aba84e24e4ea2dfab230fa957b) Importer(815301076,1909f56bfc062723c751e8b465ee728b)  -> (artifact id: 'c37252f54b6a68f33c82f09139768764') in 0.040198 seconds
Number of updated asset objects reloaded before import = 0
Number of asset objects unloaded after import = 95
========================================================================
Received Import Request.
  Time since last request: 0.000024 seconds.
  path: Assets/Prefabs/mystop.prefab
  artifactKey: Guid(0e95e5aca6bc0f14ba27dbaf5b1ddd1c) Importer(815301076,1909f56bfc062723c751e8b465ee728b)
Start importing Assets/Prefabs/mystop.prefab using Guid(0e95e5aca6bc0f14ba27dbaf5b1ddd1c) Importer(815301076,1909f56bfc062723c751e8b465ee728b)  -> (artifact id: '60236d93d9a7aae6051b179e8e999f4b') in 0.015829 seconds
Number of updated asset objects reloaded before import = 0
Number of asset objects unloaded after import = 30
========================================================================
Received Import Request.
  Time since last request: 0.000042 seconds.
  path: Assets/Prefabs/police_razvorot (1).prefab
  artifactKey: Guid(fe2dfb300f5fdb24c89fb9852adfff27) Importer(815301076,1909f56bfc062723c751e8b465ee728b)
Start importing Assets/Prefabs/police_razvorot (1).prefab using Guid(fe2dfb300f5fdb24c89fb9852adfff27) Importer(815301076,1909f56bfc062723c751e8b465ee728b)  -> (artifact id: '532ddf4dd07d2225b933bc5de8c7a7cf') in 0.025666 seconds
Number of updated asset objects reloaded before import = 0
Number of asset objects unloaded after import = 15
========================================================================
Received Import Request.
  Time since last request: 0.000015 seconds.
  path: Assets/Prefabs/ograda.prefab
  artifactKey: Guid(616cc3480506932498e6e497b94243e5) Importer(815301076,1909f56bfc062723c751e8b465ee728b)
Start importing Assets/Prefabs/ograda.prefab using Guid(616cc3480506932498e6e497b94243e5) Importer(815301076,1909f56bfc062723c751e8b465ee728b)  -> (artifact id: '3f7965345f97a0eadfcc232cb35fa3a4') in 0.010516 seconds
Number of updated asset objects reloaded before import = 0
Number of asset objects unloaded after import = 14
========================================================================
Received Import Request.
  Time since last request: 1.776035 seconds.
  path: Assets/Models/aboba.fbx
  artifactKey: Guid(4098fe75674d17840856cbd970f3a357) Importer(815301076,1909f56bfc062723c751e8b465ee728b)
Start importing Assets/Models/aboba.fbx using Guid(4098fe75674d17840856cbd970f3a357) Importer(815301076,1909f56bfc062723c751e8b465ee728b)  -> (artifact id: 'd49cc087c8384e13255a484eb43855e0') in 0.361524 seconds
Number of updated asset objects reloaded before import = 0
Number of asset objects unloaded after import = 139
========================================================================
Received Import Request.
  Time since last request: 0.000025 seconds.
  path: Assets/Models/polic_statik.fbx
  artifactKey: Guid(893715c053b06f44089e178f1326c253) Importer(815301076,1909f56bfc062723c751e8b465ee728b)
Start importing Assets/Models/polic_statik.fbx using Guid(893715c053b06f44089e178f1326c253) Importer(815301076,1909f56bfc062723c751e8b465ee728b)  -> (artifact id: 'f21ddc842f8128638c2e8bb91c9c8529') in 0.028970 seconds
Number of updated asset objects reloaded before import = 0
Number of asset objects unloaded after import = 11
========================================================================
Received Import Request.
  Time since last request: 0.000026 seconds.
  path: Assets/Models/police_razvorot.fbx
  artifactKey: Guid(eb413a9c70246444196bf8505889bbc4) Importer(815301076,1909f56bfc062723c751e8b465ee728b)
Start importing Assets/Models/police_razvorot.fbx using Guid(eb413a9c70246444196bf8505889bbc4) Importer(815301076,1909f56bfc062723c751e8b465ee728b)  -> (artifact id: '4a8e8b5f885ed251a7b78326fa633ad9') in 0.022948 seconds
Number of updated asset objects reloaded before import = 0
Number of asset objects unloaded after import = 11
========================================================================
Received Import Request.
  Time since last request: 0.000018 seconds.
  path: Assets/Models/mystop.fbx
  artifactKey: Guid(73eeeb708b33f9044984f75509085eab) Importer(815301076,1909f56bfc062723c751e8b465ee728b)
Start importing Assets/Models/mystop.fbx using Guid(73eeeb708b33f9044984f75509085eab) Importer(815301076,1909f56bfc062723c751e8b465ee728b)  -> (artifact id: '11998b8997980fd61541660aed2adf55') in 0.040631 seconds
Number of updated asset objects reloaded before import = 0
Number of asset objects unloaded after import = 18
========================================================================
Received Import Request.
  Time since last request: 0.000018 seconds.
  path: Assets/Models/low_poly_car_fbx.fbx
  artifactKey: Guid(914fddcb046438c4492306df40b0a5c6) Importer(815301076,1909f56bfc062723c751e8b465ee728b)
Start importing Assets/Models/low_poly_car_fbx.fbx using Guid(914fddcb046438c4492306df40b0a5c6) Importer(815301076,1909f56bfc062723c751e8b465ee728b)  -> (artifact id: '652eac75119acac9853ec707b6392946') in 0.097752 seconds
Number of updated asset objects reloaded before import = 0
Number of asset objects unloaded after import = 46
========================================================================
Received Import Request.
  Time since last request: 0.000016 seconds.
  path: Assets/Models/uploads_files_3721857_Hydrant.fbx
  artifactKey: Guid(110e70dfa5aa1fd46aae776de359570a) Importer(815301076,1909f56bfc062723c751e8b465ee728b)
Start importing Assets/Models/uploads_files_3721857_Hydrant.fbx using Guid(110e70dfa5aa1fd46aae776de359570a) Importer(815301076,1909f56bfc062723c751e8b465ee728b)  -> (artifact id: '0f4a9fb726dfe9fb4105cff939e1f7cd') in 0.032871 seconds
Number of updated asset objects reloaded before import = 0
Number of asset objects unloaded after import = 26
========================================================================
Received Import Request.
  Time since last request: 0.000020 seconds.
  path: Assets/icon/РёРіСЂР°С‚СЊ.png
  artifactKey: Guid(84e55d6880049fe4e814017a13e410d7) Importer(815301076,1909f56bfc062723c751e8b465ee728b)
Start importing Assets/icon/РёРіСЂР°С‚СЊ.png using Guid(84e55d6880049fe4e814017a13e410d7) Importer(815301076,1909f56bfc062723c751e8b465ee728b)  -> (artifact id: '1d5bf9488bf9b0faa98c0d6a6334c5c7') in 0.044965 seconds
Number of updated asset objects reloaded before import = 0
Number of asset objects unloaded after import = 3
========================================================================
Received Import Request.
  Time since last request: 0.000022 seconds.
  path: Assets/Models/furgon_spit.fbx
  artifactKey: Guid(edbdeb992c2086842855028a27ea8ec2) Importer(815301076,1909f56bfc062723c751e8b465ee728b)
Start importing Assets/Models/furgon_spit.fbx using Guid(edbdeb992c2086842855028a27ea8ec2) Importer(815301076,1909f56bfc062723c751e8b465ee728b)  -> (artifact id: 'f1a07a65364e23852c1e1fa997a4b3c9') in 0.080415 seconds
Number of updated asset objects reloaded before import = 0
Number of asset objects unloaded after import = 16
========================================================================
Received Import Request.
  Time since last request: 0.000025 seconds.
  path: Assets/Models/uploads_files_2663635_Audi_RS_6_Avant.fbx
  artifactKey: Guid(545e42d9a936f1a46981ba62dac87669) Importer(815301076,1909f56bfc062723c751e8b465ee728b)
Start importing Assets/Models/uploads_files_2663635_Audi_RS_6_Avant.fbx using Guid(545e42d9a936f1a46981ba62dac87669) Importer(815301076,1909f56bfc062723c751e8b465ee728b)  -> (artifact id: 'eef0e2a76ce1301d65d98ebf1082c8b8') in 1.574668 seconds
Number of updated asset objects reloaded before import = 0
Number of asset objects unloaded after import = 841
========================================================================
Received Import Request.
  Time since last request: 5.411608 seconds.
  path: Assets/texture/colourful-wall-seamless-background-texture.jpg
  artifactKey: Guid(1636ac911cf00b047a1799ff2a97bf0d) Importer(815301076,1909f56bfc062723c751e8b465ee728b)
Start importing Assets/texture/colourful-wall-seamless-background-texture.jpg using Guid(1636ac911cf00b047a1799ff2a97bf0d) Importer(815301076,1909f56bfc062723c751e8b465ee728b)  -> (artifact id: 'f65aea6a2374bb646c19108b452dc3a0') in 0.023409 seconds
Number of updated asset objects reloaded before import = 0
Number of asset objects unloaded after import = 2
========================================================================
Received Import Request.
  Time since last request: 0.000034 seconds.
  path: Assets/texture/StreetLamp2Black_roughness.png
  artifactKey: Guid(af0564a929ace7c468b65907c293e8a6) Importer(815301076,1909f56bfc062723c751e8b465ee728b)
Start importing Assets/texture/StreetLamp2Black_roughness.png using Guid(af0564a929ace7c468b65907c293e8a6) Importer(815301076,1909f56bfc062723c751e8b465ee728b)  -> (artifact id: '86e54f99538fb0671fc3e715d9e5f1c9') in 0.023827 seconds
Number of updated asset objects reloaded before import = 0
Number of asset objects unloaded after import = 2
========================================================================
Received Import Request.
  Time since last request: 0.000019 seconds.
  path: Assets/texture/Textures Body 2.bmp
  artifactKey: Guid(3eb799eda72c0f64d88739fcc2e02e86) Importer(815301076,1909f56bfc062723c751e8b465ee728b)
Start importing Assets/texture/Textures Body 2.bmp using Guid(3eb799eda72c0f64d88739fcc2e02e86) Importer(815301076,1909f56bfc062723c751e8b465ee728b)  -> (artifact id: '95932b4591f8b89d1681ce31498ed5e4') in 0.019087 seconds
Number of updated asset objects reloaded before import = 0
Number of asset objects unloaded after import = 2
========================================================================
Received Import Request.
  Time since last request: 0.000016 seconds.
  path: Assets/texture/pngwing.com.png
  artifactKey: Guid(f84f03093c0ad2143aa3bb492895755f) Importer(815301076,1909f56bfc062723c751e8b465ee728b)
Start importing Assets/texture/pngwing.com.png using Guid(f84f03093c0ad2143aa3bb492895755f) Importer(815301076,1909f56bfc062723c751e8b465ee728b)  -> (artifact id: '80f39346358f1921db12f769e9210f62') in 0.022561 seconds
Number of updated asset objects reloaded before import = 0
Number of asset objects unloaded after import = 3
========================================================================
Received Import Request.
  Time since last request: 0.000018 seconds.
  path: Assets/texture/StreetLamp1Concrete_roughness.png
  artifactKey: Guid(1418aee3115c46d4b9d4691e20645f4b) Importer(815301076,1909f56bfc062723c751e8b465ee728b)
Start importing Assets/texture/StreetLamp1Concrete_roughness.png using Guid(1418aee3115c46d4b9d4691e20645f4b) Importer(815301076,1909f56bfc062723c751e8b465ee728b)  -> (artifact id: '33021cbd003293ed68e487959174ddd2') in 0.018409 seconds
Number of updated asset objects reloaded before import = 0
Number of asset objects unloaded after import = 2
========================================================================
Received Import Request.
  Time since last request: 0.000016 seconds.
  path: Assets/texture/Texture inside.bmp
  artifactKey: Guid(a536798e5083cf84fb93754ca27b0d0b) Importer(815301076,1909f56bfc062723c751e8b465ee728b)
Start importing Assets/texture/Texture inside.bmp using Guid(a536798e5083cf84fb93754ca27b0d0b) Importer(815301076,1909f56bfc062723c751e8b465ee728b)  -> (artifact id: 'ec1be2e0eb34d927d23b5616e0523e0b') in 0.014663 seconds
Number of updated asset objects reloaded before import = 0
Number of asset objects unloaded after import = 2
========================================================================
Received Import Request.
  Time since last request: 0.000021 seconds.
  path: Assets/texture/TrashCan_TrashCan_BaseColor.png
  artifactKey: Guid(d49f5e489e05e9046b30d3e9e474841f) Importer(815301076,1909f56bfc062723c751e8b465ee728b)
Start importing Assets/texture/TrashCan_TrashCan_BaseColor.png using Guid(d49f5e489e05e9046b30d3e9e474841f) Importer(815301076,1909f56bfc062723c751e8b465ee728b)  -> (artifact id: '046b624a551d122de4c5bc3409b1c641') in 0.018477 seconds
Number of updated asset objects reloaded before import = 0
Number of asset objects unloaded after import = 2
========================================================================
Received Import Request.
  Time since last request: 0.000022 seconds.
  path: Assets/texture/Low_res_g_bag_BaseColor.jpg
  artifactKey: Guid(ed7cd80eb696ffa4aa20910cff18a04c) Importer(815301076,1909f56bfc062723c751e8b465ee728b)
Start importing Assets/texture/Low_res_g_bag_BaseColor.jpg using Guid(ed7cd80eb696ffa4aa20910cff18a04c) Importer(815301076,1909f56bfc062723c751e8b465ee728b)  -> (artifact id: '829d0d7f150838d83e8ce61170f9665c') in 0.020623 seconds
Number of updated asset objects reloaded before import = 0
Number of asset objects unloaded after import = 2
========================================================================
Received Import Request.
  Time since last request: 0.000044 seconds.
  path: Assets/texture/Textures wheel.bmp
  artifactKey: Guid(4ea37a94cae19464ea5b598644efa7ec) Importer(815301076,1909f56bfc062723c751e8b465ee728b)
Start importing Assets/texture/Textures wheel.bmp using Guid(4ea37a94cae19464ea5b598644efa7ec) Importer(815301076,1909f56bfc062723c751e8b465ee728b)  -> (artifact id: 'ad0f057474bc7a50381ecd6413ebf107') in 0.014757 seconds
Number of updated asset objects reloaded before import = 0
Number of asset objects unloaded after import = 2
========================================================================
Received Import Request.
  Time since last request: 0.668307 seconds.
  path: Assets/texture/Materials/AirVentDiffuse.mat
  artifactKey: Guid(f476daecda9f6a546bf8e7077311284b) Importer(815301076,1909f56bfc062723c751e8b465ee728b)
Start importing Assets/texture/Materials/AirVentDiffuse.mat using Guid(f476daecda9f6a546bf8e7077311284b) Importer(815301076,1909f56bfc062723c751e8b465ee728b)  -> (artifact id: '6d00aa8010abf865108794b0483de1c1') in 0.006011 seconds
Number of updated asset objects reloaded before import = 0
Number of asset objects unloaded after import = 1
========================================================================
Received Import Request.
  Time since last request: 0.000017 seconds.
  path: Assets/texture/Materials/FoundationNormal.mat
  artifactKey: Guid(ea7cc1f4c624a574aaa10d85de85d52b) Importer(815301076,1909f56bfc062723c751e8b465ee728b)
Start importing Assets/texture/Materials/FoundationNormal.mat using Guid(ea7cc1f4c624a574aaa10d85de85d52b) Importer(815301076,1909f56bfc062723c751e8b465ee728b)  -> (artifact id: '2a32d04ecf880d3fccffb4403115a493') in 0.008478 seconds
Number of updated asset objects reloaded before import = 0
Number of asset objects unloaded after import = 1
========================================================================
Received Import Request.
  Time since last request: 0.000019 seconds.
  path: Assets/texture/Materials/pers_beta.mat
  artifactKey: Guid(5947d5cb148f03a4b80adaaa83644fa7) Importer(815301076,1909f56bfc062723c751e8b465ee728b)
Start importing Assets/texture/Materials/pers_beta.mat using Guid(5947d5cb148f03a4b80adaaa83644fa7) Importer(815301076,1909f56bfc062723c751e8b465ee728b)  -> (artifact id: '5ec4387e19f59ca6507cef38513aa817') in 0.005745 seconds
Number of updated asset objects reloaded before import = 0
Number of asset objects unloaded after import = 1
========================================================================
Received Import Request.
  Time since last request: 0.000017 seconds.
  path: Assets/texture/Materials/rune_goldxp_color_psd_79fc5e4d.mat
  artifactKey: Guid(937b11ce65f48b942ac78ebf8e55dd25) Importer(815301076,1909f56bfc062723c751e8b465ee728b)
Start importing Assets/texture/Materials/rune_goldxp_color_psd_79fc5e4d.mat using Guid(937b11ce65f48b942ac78ebf8e55dd25) Importer(815301076,1909f56bfc062723c751e8b465ee728b)  -> (artifact id: '12befa67bfdc715ae1b90878dfad4c4d') in 0.008231 seconds
Number of updated asset objects reloaded before import = 0
Number of asset objects unloaded after import = 2
========================================================================
Received Import Request.
  Time since last request: 0.000017 seconds.
  path: Assets/texture/Materials/asphalt.mat
  artifactKey: Guid(26945770f10b372419f557217330e3b9) Importer(815301076,1909f56bfc062723c751e8b465ee728b)
Start importing Assets/texture/Materials/asphalt.mat using Guid(26945770f10b372419f557217330e3b9) Importer(815301076,1909f56bfc062723c751e8b465ee728b)  -> (artifact id: 'e64e0cd2afcb125a5b00e8df8a010836') in 0.007832 seconds
Number of updated asset objects reloaded before import = 0
Number of asset objects unloaded after import = 1
========================================================================
Received Import Request.
  Time since last request: 0.000015 seconds.
  path: Assets/texture/Materials/FoundationDiffuse.mat
  artifactKey: Guid(c5f6988ae6dd7d546a26536e9ca54862) Importer(815301076,1909f56bfc062723c751e8b465ee728b)
Start importing Assets/texture/Materials/FoundationDiffuse.mat using Guid(c5f6988ae6dd7d546a26536e9ca54862) Importer(815301076,1909f56bfc062723c751e8b465ee728b)  -> (artifact id: 'af01f629859a9c0dd19f3217a3b18e36') in 0.005981 seconds
Number of updated asset objects reloaded before import = 0
Number of asset objects unloaded after import = 1
========================================================================
Received Import Request.
  Time since last request: 0.000016 seconds.
  path: Assets/texture/Materials/FoundationSpec.mat
  artifactKey: Guid(20cc6054c4ec792419ad00fedd0a49a9) Importer(815301076,1909f56bfc062723c751e8b465ee728b)
Start importing Assets/texture/Materials/FoundationSpec.mat using Guid(20cc6054c4ec792419ad00fedd0a49a9) Importer(815301076,1909f56bfc062723c751e8b465ee728b)  -> (artifact id: '76334d9ad5b7e2964058da73cff778b6') in 0.005328 seconds
Number of updated asset objects reloaded before import = 0
Number of asset objects unloaded after import = 1
========================================================================
Received Import Request.
  Time since last request: 0.000013 seconds.
  path: Assets/texture/Materials/DoorDiffuse.mat
  artifactKey: Guid(94b95c7f58bfb6e47b6aa7947a990561) Importer(815301076,1909f56bfc062723c751e8b465ee728b)
Start importing Assets/texture/Materials/DoorDiffuse.mat using Guid(94b95c7f58bfb6e47b6aa7947a990561) Importer(815301076,1909f56bfc062723c751e8b465ee728b)  -> (artifact id: 'e570b36b849e3a607680043b5bfc9947') in 0.007320 seconds
Number of updated asset objects reloaded before import = 0
Number of asset objects unloaded after import = 1
========================================================================
Received Import Request.
  Time since last request: 0.000025 seconds.
  path: Assets/texture/Materials/Texture inside.mat
  artifactKey: Guid(e51013705d19cf2428c18ab874701952) Importer(815301076,1909f56bfc062723c751e8b465ee728b)
Start importing Assets/texture/Materials/Texture inside.mat using Guid(e51013705d19cf2428c18ab874701952) Importer(815301076,1909f56bfc062723c751e8b465ee728b)  -> (artifact id: '6c12b4d5fe6cbddfc1a93f2d1abae157') in 0.018954 seconds
Number of updated asset objects reloaded before import = 0
Number of asset objects unloaded after import = 2
========================================================================
Received Import Request.
  Time since last request: 0.000019 seconds.
  path: Assets/texture/Materials/default_car.mat
  artifactKey: Guid(5af26a23489d8f942a95e773752651ac) Importer(815301076,1909f56bfc062723c751e8b465ee728b)
Start importing Assets/texture/Materials/default_car.mat using Guid(5af26a23489d8f942a95e773752651ac) Importer(815301076,1909f56bfc062723c751e8b465ee728b)  -> (artifact id: '800703cf3f3652cd24a9dbe126889711') in 0.021192 seconds
Number of updated asset objects reloaded before import = 0
Number of asset objects unloaded after import = 2
========================================================================
Received Import Request.
  Time since last request: 0.000019 seconds.
  path: Assets/texture/Materials/New Material.mat
  artifactKey: Guid(d5d2628e2324f9d4099862b7391acdb4) Importer(815301076,1909f56bfc062723c751e8b465ee728b)
Start importing Assets/texture/Materials/New Material.mat using Guid(d5d2628e2324f9d4099862b7391acdb4) Importer(815301076,1909f56bfc062723c751e8b465ee728b)  -> (artifact id: 'c8edda5830e326b6e05a762875803d63') in 0.007011 seconds
Number of updated asset objects reloaded before import = 0
Number of asset objects unloaded after import = 1
========================================================================
Received Import Request.
  Time since last request: 0.000026 seconds.
  path: Assets/texture/Materials/Textures wheel 4.mat
  artifactKey: Guid(72bb979c4897d5044b4426f2d1dc02c1) Importer(815301076,1909f56bfc062723c751e8b465ee728b)
Start importing Assets/texture/Materials/Textures wheel 4.mat using Guid(72bb979c4897d5044b4426f2d1dc02c1) Importer(815301076,1909f56bfc062723c751e8b465ee728b)  -> (artifact id: 'bda2e88337931010ae095bcbde5d3f24') in 0.020162 seconds
Number of updated asset objects reloaded before import = 0
Number of asset objects unloaded after import = 2
========================================================================
Received Import Request.
  Time since last request: 0.000023 seconds.
  path: Assets/texture/Materials/Door2Spec.mat
  artifactKey: Guid(2096118e65e9c6f45bdb101a87d4caf2) Importer(815301076,1909f56bfc062723c751e8b465ee728b)
Start importing Assets/texture/Materials/Door2Spec.mat using Guid(2096118e65e9c6f45bdb101a87d4caf2) Importer(815301076,1909f56bfc062723c751e8b465ee728b)  -> (artifact id: '668bb93e33841b3405628b03791254ad') in 0.007290 seconds
Number of updated asset objects reloaded before import = 0
Number of asset objects unloaded after import = 1
========================================================================
Received Import Request.
  Time since last request: 0.000025 seconds.
  path: Assets/texture/Materials/Black.mat
  artifactKey: Guid(63db072e029fd154a8944ac94c83e399) Importer(815301076,1909f56bfc062723c751e8b465ee728b)
Start importing Assets/texture/Materials/Black.mat using Guid(63db072e029fd154a8944ac94c83e399) Importer(815301076,1909f56bfc062723c751e8b465ee728b)  -> (artifact id: 'aded371c14740058ffd1e8280f726785') in 0.006202 seconds
Number of updated asset objects reloaded before import = 0
Number of asset objects unloaded after import = 1
========================================================================
Received Import Request.
  Time since last request: 0.000023 seconds.
  path: Assets/texture/Materials/StreetLamp1Concrete_roughness.mat
  artifactKey: Guid(25a60103a2af8184fa6e548464ba2d2e) Importer(815301076,1909f56bfc062723c751e8b465ee728b)
Start importing Assets/texture/Materials/StreetLamp1Concrete_roughness.mat using Guid(25a60103a2af8184fa6e548464ba2d2e) Importer(815301076,1909f56bfc062723c751e8b465ee728b)  -> (artifact id: '57fed9358153df80757212ea66734c4c') in 0.020837 seconds
Number of updated asset objects reloaded before import = 0
Number of asset objects unloaded after import = 2
========================================================================
Received Import Request.
  Time since last request: 0.000175 seconds.
  path: Assets/texture/Materials/Door2Diffuse.mat
  artifactKey: Guid(b5dc96687414b52449ca52acb3f40a49) Importer(815301076,1909f56bfc062723c751e8b465ee728b)
Start importing Assets/texture/Materials/Door2Diffuse.mat using Guid(b5dc96687414b52449ca52acb3f40a49) Importer(815301076,1909f56bfc062723c751e8b465ee728b)  -> (artifact id: 'bf4b00f6aa26dd86f65d32af07a4225c') in 0.010297 seconds
Number of updated asset objects reloaded before import = 0
Number of asset objects unloaded after import = 1
========================================================================
Received Import Request.
  Time since last request: 0.000033 seconds.
  path: Assets/texture/Materials/pol_beta2.mat
  artifactKey: Guid(ad4ab027623f80e4bb0533f458edd01c) Importer(815301076,1909f56bfc062723c751e8b465ee728b)
Start importing Assets/texture/Materials/pol_beta2.mat using Guid(ad4ab027623f80e4bb0533f458edd01c) Importer(815301076,1909f56bfc062723c751e8b465ee728b)  -> (artifact id: 'e1cb6c008a3f45595b1bbfc83c31a6eb') in 0.007956 seconds
Number of updated asset objects reloaded before import = 0
Number of asset objects unloaded after import = 1
========================================================================
Received Import Request.
  Time since last request: 0.000019 seconds.
  path: Assets/texture/Materials/WindowSpec.mat
  artifactKey: Guid(593cb0fd46efd8f46820480663c2189b) Importer(815301076,1909f56bfc062723c751e8b465ee728b)
Start importing Assets/texture/Materials/WindowSpec.mat using Guid(593cb0fd46efd8f46820480663c2189b) Importer(815301076,1909f56bfc062723c751e8b465ee728b)  -> (artifact id: '90c720032b9bdb2af45d061a509ec34a') in 0.006012 seconds
Number of updated asset objects reloaded before import = 0
Number of asset objects unloaded after import = 1
========================================================================
Received Import Request.
  Time since last request: 0.000018 seconds.
  path: Assets/texture/Materials/police_low_DefaultMaterial_BaseColor.mat
  artifactKey: Guid(e29f24fbbd8685342afaaa7cf8982a43) Importer(815301076,1909f56bfc062723c751e8b465ee728b)
Start importing Assets/texture/Materials/police_low_DefaultMaterial_BaseColor.mat using Guid(e29f24fbbd8685342afaaa7cf8982a43) Importer(815301076,1909f56bfc062723c751e8b465ee728b)  -> (artifact id: '979bcd02e3507a97472cb6075ca770c3') in 0.018800 seconds
Number of updated asset objects reloaded before import = 0
Number of asset objects unloaded after import = 2
========================================================================
Received Import Request.
  Time since last request: 0.000019 seconds.
  path: Assets/texture/Materials/StreetLamp2Concrete_basecolor.mat
  artifactKey: Guid(3925b32baaa6f7d46a0f475234874453) Importer(815301076,1909f56bfc062723c751e8b465ee728b)
Start importing Assets/texture/Materials/StreetLamp2Concrete_basecolor.mat using Guid(3925b32baaa6f7d46a0f475234874453) Importer(815301076,1909f56bfc062723c751e8b465ee728b)  -> (artifact id: 'd12865470558a6ad74f93cd3d23acc54') in 0.016350 seconds
Number of updated asset objects reloaded before import = 0
Number of asset objects unloaded after import = 2
========================================================================
Received Import Request.
  Time since last request: 1.959844 seconds.
  path: Assets/texture/РњСѓСЃРѕСЂРєР°/Materials/dumpsters_Dumpster_Normal.mat
  artifactKey: Guid(96ecd770cb1eba043b0e5982d35ed3ed) Importer(815301076,1909f56bfc062723c751e8b465ee728b)
Start importing Assets/texture/РњСѓСЃРѕСЂРєР°/Materials/dumpsters_Dumpster_Normal.mat using Guid(96ecd770cb1eba043b0e5982d35ed3ed) Importer(815301076,1909f56bfc062723c751e8b465ee728b)  -> (artifact id: '686a89c7ff8563c7cf3165d1de4606ab') in 0.012073 seconds
Number of updated asset objects reloaded before import = 0
Number of asset objects unloaded after import = 1
========================================================================
Received Import Request.
  Time since last request: 0.359189 seconds.
  path: Assets/Tiles/Plane1.prefab
  artifactKey: Guid(be240e756b0334542b71521567c50f8a) Importer(815301076,1909f56bfc062723c751e8b465ee728b)
Start importing Assets/Tiles/Plane1.prefab using Guid(be240e756b0334542b71521567c50f8a) Importer(815301076,1909f56bfc062723c751e8b465ee728b)  -> (artifact id: '82b4b93d3d516db470fcf1d3e3111429') in 0.067590 seconds
Number of updated asset objects reloaded before import = 0
Number of asset objects unloaded after import = 416
========================================================================
Received Import Request.
  Time since last request: 0.001482 seconds.
  path: Assets/Tiles/Plane5.prefab
  artifactKey: Guid(4fe2306a8627a74488042609ec65a146) Importer(815301076,1909f56bfc062723c751e8b465ee728b)
Start importing Assets/Tiles/Plane5.prefab using Guid(4fe2306a8627a74488042609ec65a146) Importer(815301076,1909f56bfc062723c751e8b465ee728b)  -> (artifact id: '732424b9d85d64eb72ba2d71440b583e') in 0.063568 seconds
Number of updated asset objects reloaded before import = 0
Number of asset objects unloaded after import = 274
Editor requested this worker to shutdown with reason: Scaling down because of idle timeout
TcpMessagingSession - receive error: operation aborted. errorcode: 995, details: Операция ввода/вывода была прервана из-за завершения потока команд или по запросу приложения.
AssetImportWorker is now disconnected from the server
Process exiting
Exiting without the bug reporter. Application will terminate with return code 0